2023-02-06T00:00:35+00:00 CRITICAL Uncaught Error: Call to undefined function elegant_description() in /home2/revaarrf/suvedfoods.com/wp-content/themes/Divi/header.php:6
Stack trace:
#0 /home2/revaarrf/suvedfoods.com/wp-includes/template.php(770): require_once()
#1 /home2/revaarrf/suvedfoods.com/wp-includes/template.php(716): load_template('/home2/revaarrf...', true, Array)
#2 /home2/revaarrf/suvedfoods.com/wp-includes/general-template.php(48): locate_template(Array, true, true, Array)
#3 /home2/revaarrf/suvedfoods.com/wp-content/themes/Divi/single.php(3): get_header()
#4 /home2/revaarrf/suvedfoods.com/wp-includes/template-loader.php(106): include('/home2/revaarrf...')
#5 /home2/revaarrf/suvedfoods.com/wp-blog-header.php(19): require_once('/home2/revaarrf...')
#6 /home2/revaarrf/suvedfoods.com/index.php(17): require('/home2/revaarrf...')
#7 {main}
  thrown in /home2/revaarrf/suvedfoods.com/wp-content/themes/Divi/header.php on line 6

2023-02-06T00:00:55+00:00 CRITICAL Uncaught Error: Call to undefined function elegant_description() in /home2/revaarrf/suvedfoods.com/wp-content/themes/Divi/header.php:6
Stack trace:
#0 /home2/revaarrf/suvedfoods.com/wp-includes/template.php(770): require_once()
#1 /home2/revaarrf/suvedfoods.com/wp-includes/template.php(716): load_template('/home2/revaarrf...', true, Array)
#2 /home2/revaarrf/suvedfoods.com/wp-includes/general-template.php(48): locate_template(Array, true, true, Array)
#3 /home2/revaarrf/suvedfoods.com/wp-content/themes/Divi/404.php(1): get_header()
#4 /home2/revaarrf/suvedfoods.com/wp-includes/template-loader.php(106): include('/home2/revaarrf...')
#5 /home2/revaarrf/suvedfoods.com/wp-blog-header.php(19): require_once('/home2/revaarrf...')
#6 /home2/revaarrf/suvedfoods.com/index.php(17): require('/home2/revaarrf...')
#7 {main}
  thrown in /home2/revaarrf/suvedfoods.com/wp-content/themes/Divi/header.php on line 6

2023-02-06T00:01:28+00:00 CRITICAL Uncaught Error: Call to undefined function elegant_description() in /home2/revaarrf/suvedfoods.com/wp-content/themes/Divi/header.php:6
Stack trace:
#0 /home2/revaarrf/suvedfoods.com/wp-includes/template.php(770): require_once()
#1 /home2/revaarrf/suvedfoods.com/wp-includes/template.php(716): load_template('/home2/revaarrf...', true, Array)
#2 /home2/revaarrf/suvedfoods.com/wp-includes/general-template.php(48): locate_template(Array, true, true, Array)
#3 /home2/revaarrf/suvedfoods.com/wp-content/themes/Divi/404.php(1): get_header()
#4 /home2/revaarrf/suvedfoods.com/wp-includes/template-loader.php(106): include('/home2/revaarrf...')
#5 /home2/revaarrf/suvedfoods.com/wp-blog-header.php(19): require_once('/home2/revaarrf...')
#6 /home2/revaarrf/suvedfoods.com/index.php(17): require('/home2/revaarrf...')
#7 {main}
  thrown in /home2/revaarrf/suvedfoods.com/wp-content/themes/Divi/header.php on line 6

2023-02-06T00:10:18+00:00 CRITICAL Uncaught Error: Call to undefined function elegant_description() in /home2/revaarrf/suvedfoods.com/wp-content/themes/Divi/header.php:6
Stack trace:
#0 /home2/revaarrf/suvedfoods.com/wp-includes/template.php(770): require_once()
#1 /home2/revaarrf/suvedfoods.com/wp-includes/template.php(716): load_template('/home2/revaarrf...', true, Array)
#2 /home2/revaarrf/suvedfoods.com/wp-includes/general-template.php(48): locate_template(Array, true, true, Array)
#3 /home2/revaarrf/suvedfoods.com/wp-content/themes/Divi/404.php(1): get_header()
#4 /home2/revaarrf/suvedfoods.com/wp-includes/template-loader.php(106): include('/home2/revaarrf...')
#5 /home2/revaarrf/suvedfoods.com/wp-blog-header.php(19): require_once('/home2/revaarrf...')
#6 /home2/revaarrf/suvedfoods.com/index.php(17): require('/home2/revaarrf...')
#7 {main}
  thrown in /home2/revaarrf/suvedfoods.com/wp-content/themes/Divi/header.php on line 6

2023-02-06T00:15:57+00:00 CRITICAL Uncaught Error: Call to undefined function elegant_description() in /home2/revaarrf/suvedfoods.com/wp-content/themes/Divi/header.php:6
Stack trace:
#0 /home2/revaarrf/suvedfoods.com/wp-includes/template.php(770): require_once()
#1 /home2/revaarrf/suvedfoods.com/wp-includes/template.php(716): load_template('/home2/revaarrf...', true, Array)
#2 /home2/revaarrf/suvedfoods.com/wp-includes/general-template.php(48): locate_template(Array, true, true, Array)
#3 /home2/revaarrf/suvedfoods.com/wp-content/themes/Divi/404.php(1): get_header()
#4 /home2/revaarrf/suvedfoods.com/wp-includes/template-loader.php(106): include('/home2/revaarrf...')
#5 /home2/revaarrf/suvedfoods.com/wp-blog-header.php(19): require_once('/home2/revaarrf...')
#6 /home2/revaarrf/suvedfoods.com/index.php(17): require('/home2/revaarrf...')
#7 {main}
  thrown in /home2/revaarrf/suvedfoods.com/wp-content/themes/Divi/header.php on line 6

2023-02-06T00:22:21+00:00 CRITICAL Uncaught Error: Call to undefined function elegant_description() in /home2/revaarrf/suvedfoods.com/wp-content/themes/Divi/header.php:6
Stack trace:
#0 /home2/revaarrf/suvedfoods.com/wp-includes/template.php(770): require_once()
#1 /home2/revaarrf/suvedfoods.com/wp-includes/template.php(716): load_template('/home2/revaarrf...', true, Array)
#2 /home2/revaarrf/suvedfoods.com/wp-includes/general-template.php(48): locate_template(Array, true, true, Array)
#3 /home2/revaarrf/suvedfoods.com/wp-content/themes/Divi/404.php(1): get_header()
#4 /home2/revaarrf/suvedfoods.com/wp-includes/template-loader.php(106): include('/home2/revaarrf...')
#5 /home2/revaarrf/suvedfoods.com/wp-blog-header.php(19): require_once('/home2/revaarrf...')
#6 /home2/revaarrf/suvedfoods.com/index.php(17): require('/home2/revaarrf...')
#7 {main}
  thrown in /home2/revaarrf/suvedfoods.com/wp-content/themes/Divi/header.php on line 6

2023-02-06T00:26:01+00:00 CRITICAL Uncaught Error: Call to undefined function elegant_description() in /home2/revaarrf/suvedfoods.com/wp-content/themes/Divi/header.php:6
Stack trace:
#0 /home2/revaarrf/suvedfoods.com/wp-includes/template.php(770): require_once()
#1 /home2/revaarrf/suvedfoods.com/wp-includes/template.php(716): load_template('/home2/revaarrf...', true, Array)
#2 /home2/revaarrf/suvedfoods.com/wp-includes/general-template.php(48): locate_template(Array, true, true, Array)
#3 /home2/revaarrf/suvedfoods.com/wp-content/themes/Divi/404.php(1): get_header()
#4 /home2/revaarrf/suvedfoods.com/wp-includes/template-loader.php(106): include('/home2/revaarrf...')
#5 /home2/revaarrf/suvedfoods.com/wp-blog-header.php(19): require_once('/home2/revaarrf...')
#6 /home2/revaarrf/suvedfoods.com/index.php(17): require('/home2/revaarrf...')
#7 {main}
  thrown in /home2/revaarrf/suvedfoods.com/wp-content/themes/Divi/header.php on line 6

2023-02-06T00:26:31+00:00 CRITICAL Uncaught Error: Call to undefined function elegant_description() in /home2/revaarrf/suvedfoods.com/wp-content/themes/Divi/header.php:6
Stack trace:
#0 /home2/revaarrf/suvedfoods.com/wp-includes/template.php(770): require_once()
#1 /home2/revaarrf/suvedfoods.com/wp-includes/template.php(716): load_template('/home2/revaarrf...', true, Array)
#2 /home2/revaarrf/suvedfoods.com/wp-includes/general-template.php(48): locate_template(Array, true, true, Array)
#3 /home2/revaarrf/suvedfoods.com/wp-content/themes/Divi/404.php(1): get_header()
#4 /home2/revaarrf/suvedfoods.com/wp-includes/template-loader.php(106): include('/home2/revaarrf...')
#5 /home2/revaarrf/suvedfoods.com/wp-blog-header.php(19): require_once('/home2/revaarrf...')
#6 /home2/revaarrf/suvedfoods.com/index.php(17): require('/home2/revaarrf...')
#7 {main}
  thrown in /home2/revaarrf/suvedfoods.com/wp-content/themes/Divi/header.php on line 6

2023-02-06T00:31:15+00:00 CRITICAL Uncaught Error: Call to undefined function elegant_description() in /home2/revaarrf/suvedfoods.com/wp-content/themes/Divi/header.php:6
Stack trace:
#0 /home2/revaarrf/suvedfoods.com/wp-includes/template.php(770): require_once()
#1 /home2/revaarrf/suvedfoods.com/wp-includes/template.php(716): load_template('/home2/revaarrf...', true, Array)
#2 /home2/revaarrf/suvedfoods.com/wp-includes/general-template.php(48): locate_template(Array, true, true, Array)
#3 /home2/revaarrf/suvedfoods.com/wp-content/themes/Divi/404.php(1): get_header()
#4 /home2/revaarrf/suvedfoods.com/wp-includes/template-loader.php(106): include('/home2/revaarrf...')
#5 /home2/revaarrf/suvedfoods.com/wp-blog-header.php(19): require_once('/home2/revaarrf...')
#6 /home2/revaarrf/suvedfoods.com/index.php(17): require('/home2/revaarrf...')
#7 {main}
  thrown in /home2/revaarrf/suvedfoods.com/wp-content/themes/Divi/header.php on line 6

2023-02-06T00:34:38+00:00 CRITICAL Uncaught Error: Call to undefined function elegant_description() in /home2/revaarrf/suvedfoods.com/wp-content/themes/Divi/header.php:6
Stack trace:
#0 /home2/revaarrf/suvedfoods.com/wp-includes/template.php(770): require_once()
#1 /home2/revaarrf/suvedfoods.com/wp-includes/template.php(716): load_template('/home2/revaarrf...', true, Array)
#2 /home2/revaarrf/suvedfoods.com/wp-includes/general-template.php(48): locate_template(Array, true, true, Array)
#3 /home2/revaarrf/suvedfoods.com/wp-content/themes/Divi/404.php(1): get_header()
#4 /home2/revaarrf/suvedfoods.com/wp-includes/template-loader.php(106): include('/home2/revaarrf...')
#5 /home2/revaarrf/suvedfoods.com/wp-blog-header.php(19): require_once('/home2/revaarrf...')
#6 /home2/revaarrf/suvedfoods.com/index.php(17): require('/home2/revaarrf...')
#7 {main}
  thrown in /home2/revaarrf/suvedfoods.com/wp-content/themes/Divi/header.php on line 6

2023-02-06T00:34:50+00:00 CRITICAL Uncaught Error: Call to undefined function elegant_description() in /home2/revaarrf/suvedfoods.com/wp-content/themes/Divi/header.php:6
Stack trace:
#0 /home2/revaarrf/suvedfoods.com/wp-includes/template.php(770): require_once()
#1 /home2/revaarrf/suvedfoods.com/wp-includes/template.php(716): load_template('/home2/revaarrf...', true, Array)
#2 /home2/revaarrf/suvedfoods.com/wp-includes/general-template.php(48): locate_template(Array, true, true, Array)
#3 /home2/revaarrf/suvedfoods.com/wp-content/themes/Divi/404.php(1): get_header()
#4 /home2/revaarrf/suvedfoods.com/wp-includes/template-loader.php(106): include('/home2/revaarrf...')
#5 /home2/revaarrf/suvedfoods.com/wp-blog-header.php(19): require_once('/home2/revaarrf...')
#6 /home2/revaarrf/suvedfoods.com/index.php(17): require('/home2/revaarrf...')
#7 {main}
  thrown in /home2/revaarrf/suvedfoods.com/wp-content/themes/Divi/header.php on line 6

2023-02-06T00:36:54+00:00 CRITICAL Uncaught Error: Call to undefined function elegant_description() in /home2/revaarrf/suvedfoods.com/wp-content/themes/Divi/header.php:6
Stack trace:
#0 /home2/revaarrf/suvedfoods.com/wp-includes/template.php(770): require_once()
#1 /home2/revaarrf/suvedfoods.com/wp-includes/template.php(716): load_template('/home2/revaarrf...', true, Array)
#2 /home2/revaarrf/suvedfoods.com/wp-includes/general-template.php(48): locate_template(Array, true, true, Array)
#3 /home2/revaarrf/suvedfoods.com/wp-content/themes/Divi/404.php(1): get_header()
#4 /home2/revaarrf/suvedfoods.com/wp-includes/template-loader.php(106): include('/home2/revaarrf...')
#5 /home2/revaarrf/suvedfoods.com/wp-blog-header.php(19): require_once('/home2/revaarrf...')
#6 /home2/revaarrf/suvedfoods.com/index.php(17): require('/home2/revaarrf...')
#7 {main}
  thrown in /home2/revaarrf/suvedfoods.com/wp-content/themes/Divi/header.php on line 6

2023-02-06T00:43:33+00:00 CRITICAL Uncaught Error: Call to undefined function elegant_description() in /home2/revaarrf/suvedfoods.com/wp-content/themes/Divi/header.php:6
Stack trace:
#0 /home2/revaarrf/suvedfoods.com/wp-includes/template.php(770): require_once()
#1 /home2/revaarrf/suvedfoods.com/wp-includes/template.php(716): load_template('/home2/revaarrf...', true, Array)
#2 /home2/revaarrf/suvedfoods.com/wp-includes/general-template.php(48): locate_template(Array, true, true, Array)
#3 /home2/revaarrf/suvedfoods.com/wp-content/themes/Divi/404.php(1): get_header()
#4 /home2/revaarrf/suvedfoods.com/wp-includes/template-loader.php(106): include('/home2/revaarrf...')
#5 /home2/revaarrf/suvedfoods.com/wp-blog-header.php(19): require_once('/home2/revaarrf...')
#6 /home2/revaarrf/suvedfoods.com/index.php(17): require('/home2/revaarrf...')
#7 {main}
  thrown in /home2/revaarrf/suvedfoods.com/wp-content/themes/Divi/header.php on line 6

2023-02-06T00:46:11+00:00 CRITICAL Uncaught Error: Call to undefined function elegant_description() in /home2/revaarrf/suvedfoods.com/wp-content/themes/Divi/header.php:6
Stack trace:
#0 /home2/revaarrf/suvedfoods.com/wp-includes/template.php(770): require_once()
#1 /home2/revaarrf/suvedfoods.com/wp-includes/template.php(716): load_template('/home2/revaarrf...', true, Array)
#2 /home2/revaarrf/suvedfoods.com/wp-includes/general-template.php(48): locate_template(Array, true, true, Array)
#3 /home2/revaarrf/suvedfoods.com/wp-content/themes/Divi/404.php(1): get_header()
#4 /home2/revaarrf/suvedfoods.com/wp-includes/template-loader.php(106): include('/home2/revaarrf...')
#5 /home2/revaarrf/suvedfoods.com/wp-blog-header.php(19): require_once('/home2/revaarrf...')
#6 /home2/revaarrf/suvedfoods.com/index.php(17): require('/home2/revaarrf...')
#7 {main}
  thrown in /home2/revaarrf/suvedfoods.com/wp-content/themes/Divi/header.php on line 6

2023-02-06T00:53:54+00:00 CRITICAL Uncaught Error: Call to undefined function elegant_description() in /home2/revaarrf/suvedfoods.com/wp-content/themes/Divi/header.php:6
Stack trace:
#0 /home2/revaarrf/suvedfoods.com/wp-includes/template.php(770): require_once()
#1 /home2/revaarrf/suvedfoods.com/wp-includes/template.php(716): load_template('/home2/revaarrf...', true, Array)
#2 /home2/revaarrf/suvedfoods.com/wp-includes/general-template.php(48): locate_template(Array, true, true, Array)
#3 /home2/revaarrf/suvedfoods.com/wp-content/themes/Divi/404.php(1): get_header()
#4 /home2/revaarrf/suvedfoods.com/wp-includes/template-loader.php(106): include('/home2/revaarrf...')
#5 /home2/revaarrf/suvedfoods.com/wp-blog-header.php(19): require_once('/home2/revaarrf...')
#6 /home2/revaarrf/suvedfoods.com/index.php(17): require('/home2/revaarrf...')
#7 {main}
  thrown in /home2/revaarrf/suvedfoods.com/wp-content/themes/Divi/header.php on line 6

2023-02-06T00:59:26+00:00 CRITICAL Uncaught Error: Call to undefined function elegant_description() in /home2/revaarrf/suvedfoods.com/wp-content/themes/Divi/header.php:6
Stack trace:
#0 /home2/revaarrf/suvedfoods.com/wp-includes/template.php(770): require_once()
#1 /home2/revaarrf/suvedfoods.com/wp-includes/template.php(716): load_template('/home2/revaarrf...', true, Array)
#2 /home2/revaarrf/suvedfoods.com/wp-includes/general-template.php(48): locate_template(Array, true, true, Array)
#3 /home2/revaarrf/suvedfoods.com/wp-content/themes/Divi/single.php(3): get_header()
#4 /home2/revaarrf/suvedfoods.com/wp-includes/template-loader.php(106): include('/home2/revaarrf...')
#5 /home2/revaarrf/suvedfoods.com/wp-blog-header.php(19): require_once('/home2/revaarrf...')
#6 /home2/revaarrf/suvedfoods.com/index.php(17): require('/home2/revaarrf...')
#7 {main}
  thrown in /home2/revaarrf/suvedfoods.com/wp-content/themes/Divi/header.php on line 6

2023-02-06T01:02:34+00:00 CRITICAL Uncaught Error: Call to undefined function elegant_description() in /home2/revaarrf/suvedfoods.com/wp-content/themes/Divi/header.php:6
Stack trace:
#0 /home2/revaarrf/suvedfoods.com/wp-includes/template.php(770): require_once()
#1 /home2/revaarrf/suvedfoods.com/wp-includes/template.php(716): load_template('/home2/revaarrf...', true, Array)
#2 /home2/revaarrf/suvedfoods.com/wp-includes/general-template.php(48): locate_template(Array, true, true, Array)
#3 /home2/revaarrf/suvedfoods.com/wp-content/themes/Divi/page.php(3): get_header()
#4 /home2/revaarrf/suvedfoods.com/wp-includes/template-loader.php(106): include('/home2/revaarrf...')
#5 /home2/revaarrf/suvedfoods.com/wp-blog-header.php(19): require_once('/home2/revaarrf...')
#6 /home2/revaarrf/suvedfoods.com/index.php(17): require('/home2/revaarrf...')
#7 {main}
  thrown in /home2/revaarrf/suvedfoods.com/wp-content/themes/Divi/header.php on line 6

2023-02-06T01:02:35+00:00 CRITICAL Uncaught Error: Call to undefined function elegant_description() in /home2/revaarrf/suvedfoods.com/wp-content/themes/Divi/header.php:6
Stack trace:
#0 /home2/revaarrf/suvedfoods.com/wp-includes/template.php(770): require_once()
#1 /home2/revaarrf/suvedfoods.com/wp-includes/template.php(716): load_template('/home2/revaarrf...', true, Array)
#2 /home2/revaarrf/suvedfoods.com/wp-includes/general-template.php(48): locate_template(Array, true, true, Array)
#3 /home2/revaarrf/suvedfoods.com/wp-content/themes/Divi/404.php(1): get_header()
#4 /home2/revaarrf/suvedfoods.com/wp-includes/template-loader.php(106): include('/home2/revaarrf...')
#5 /home2/revaarrf/suvedfoods.com/wp-blog-header.php(19): require_once('/home2/revaarrf...')
#6 /home2/revaarrf/suvedfoods.com/index.php(17): require('/home2/revaarrf...')
#7 {main}
  thrown in /home2/revaarrf/suvedfoods.com/wp-content/themes/Divi/header.php on line 6

2023-02-06T01:02:37+00:00 CRITICAL Uncaught Error: Call to undefined function elegant_description() in /home2/revaarrf/suvedfoods.com/wp-content/themes/Divi/header.php:6
Stack trace:
#0 /home2/revaarrf/suvedfoods.com/wp-includes/template.php(770): require_once()
#1 /home2/revaarrf/suvedfoods.com/wp-includes/template.php(716): load_template('/home2/revaarrf...', true, Array)
#2 /home2/revaarrf/suvedfoods.com/wp-includes/general-template.php(48): locate_template(Array, true, true, Array)
#3 /home2/revaarrf/suvedfoods.com/wp-content/themes/Divi/404.php(1): get_header()
#4 /home2/revaarrf/suvedfoods.com/wp-includes/template-loader.php(106): include('/home2/revaarrf...')
#5 /home2/revaarrf/suvedfoods.com/wp-blog-header.php(19): require_once('/home2/revaarrf...')
#6 /home2/revaarrf/suvedfoods.com/index.php(17): require('/home2/revaarrf...')
#7 {main}
  thrown in /home2/revaarrf/suvedfoods.com/wp-content/themes/Divi/header.php on line 6

2023-02-06T01:02:38+00:00 CRITICAL Uncaught Error: Call to undefined function elegant_description() in /home2/revaarrf/suvedfoods.com/wp-content/themes/Divi/header.php:6
Stack trace:
#0 /home2/revaarrf/suvedfoods.com/wp-includes/template.php(770): require_once()
#1 /home2/revaarrf/suvedfoods.com/wp-includes/template.php(716): load_template('/home2/revaarrf...', true, Array)
#2 /home2/revaarrf/suvedfoods.com/wp-includes/general-template.php(48): locate_template(Array, true, true, Array)
#3 /home2/revaarrf/suvedfoods.com/wp-content/themes/Divi/page.php(3): get_header()
#4 /home2/revaarrf/suvedfoods.com/wp-includes/template-loader.php(106): include('/home2/revaarrf...')
#5 /home2/revaarrf/suvedfoods.com/wp-blog-header.php(19): require_once('/home2/revaarrf...')
#6 /home2/revaarrf/suvedfoods.com/index.php(17): require('/home2/revaarrf...')
#7 {main}
  thrown in /home2/revaarrf/suvedfoods.com/wp-content/themes/Divi/header.php on line 6

2023-02-06T01:02:39+00:00 CRITICAL Uncaught Error: Call to undefined function elegant_description() in /home2/revaarrf/suvedfoods.com/wp-content/themes/Divi/header.php:6
Stack trace:
#0 /home2/revaarrf/suvedfoods.com/wp-includes/template.php(770): require_once()
#1 /home2/revaarrf/suvedfoods.com/wp-includes/template.php(716): load_template('/home2/revaarrf...', true, Array)
#2 /home2/revaarrf/suvedfoods.com/wp-includes/general-template.php(48): locate_template(Array, true, true, Array)
#3 /home2/revaarrf/suvedfoods.com/wp-content/themes/Divi/404.php(1): get_header()
#4 /home2/revaarrf/suvedfoods.com/wp-includes/template-loader.php(106): include('/home2/revaarrf...')
#5 /home2/revaarrf/suvedfoods.com/wp-blog-header.php(19): require_once('/home2/revaarrf...')
#6 /home2/revaarrf/suvedfoods.com/index.php(17): require('/home2/revaarrf...')
#7 {main}
  thrown in /home2/revaarrf/suvedfoods.com/wp-content/themes/Divi/header.php on line 6

2023-02-06T01:02:40+00:00 CRITICAL Uncaught Error: Call to undefined function elegant_description() in /home2/revaarrf/suvedfoods.com/wp-content/themes/Divi/header.php:6
Stack trace:
#0 /home2/revaarrf/suvedfoods.com/wp-includes/template.php(770): require_once()
#1 /home2/revaarrf/suvedfoods.com/wp-includes/template.php(716): load_template('/home2/revaarrf...', true, Array)
#2 /home2/revaarrf/suvedfoods.com/wp-includes/general-template.php(48): locate_template(Array, true, true, Array)
#3 /home2/revaarrf/suvedfoods.com/wp-content/themes/Divi/404.php(1): get_header()
#4 /home2/revaarrf/suvedfoods.com/wp-includes/template-loader.php(106): include('/home2/revaarrf...')
#5 /home2/revaarrf/suvedfoods.com/wp-blog-header.php(19): require_once('/home2/revaarrf...')
#6 /home2/revaarrf/suvedfoods.com/index.php(17): require('/home2/revaarrf...')
#7 {main}
  thrown in /home2/revaarrf/suvedfoods.com/wp-content/themes/Divi/header.php on line 6

2023-02-06T01:02:53+00:00 CRITICAL Uncaught Error: Call to undefined function elegant_description() in /home2/revaarrf/suvedfoods.com/wp-content/themes/Divi/header.php:6
Stack trace:
#0 /home2/revaarrf/suvedfoods.com/wp-includes/template.php(770): require_once()
#1 /home2/revaarrf/suvedfoods.com/wp-includes/template.php(716): load_template('/home2/revaarrf...', true, Array)
#2 /home2/revaarrf/suvedfoods.com/wp-includes/general-template.php(48): locate_template(Array, true, true, Array)
#3 /home2/revaarrf/suvedfoods.com/wp-content/themes/Divi/404.php(1): get_header()
#4 /home2/revaarrf/suvedfoods.com/wp-includes/template-loader.php(106): include('/home2/revaarrf...')
#5 /home2/revaarrf/suvedfoods.com/wp-blog-header.php(19): require_once('/home2/revaarrf...')
#6 /home2/revaarrf/suvedfoods.com/index.php(17): require('/home2/revaarrf...')
#7 {main}
  thrown in /home2/revaarrf/suvedfoods.com/wp-content/themes/Divi/header.php on line 6

2023-02-06T01:04:04+00:00 CRITICAL Uncaught Error: Call to undefined function elegant_description() in /home2/revaarrf/suvedfoods.com/wp-content/themes/Divi/header.php:6
Stack trace:
#0 /home2/revaarrf/suvedfoods.com/wp-includes/template.php(770): require_once()
#1 /home2/revaarrf/suvedfoods.com/wp-includes/template.php(716): load_template('/home2/revaarrf...', true, Array)
#2 /home2/revaarrf/suvedfoods.com/wp-includes/general-template.php(48): locate_template(Array, true, true, Array)
#3 /home2/revaarrf/suvedfoods.com/wp-content/themes/Divi/404.php(1): get_header()
#4 /home2/revaarrf/suvedfoods.com/wp-includes/template-loader.php(106): include('/home2/revaarrf...')
#5 /home2/revaarrf/suvedfoods.com/wp-blog-header.php(19): require_once('/home2/revaarrf...')
#6 /home2/revaarrf/suvedfoods.com/index.php(17): require('/home2/revaarrf...')
#7 {main}
  thrown in /home2/revaarrf/suvedfoods.com/wp-content/themes/Divi/header.php on line 6

2023-02-06T01:12:42+00:00 CRITICAL Uncaught Error: Call to undefined function elegant_description() in /home2/revaarrf/suvedfoods.com/wp-content/themes/Divi/header.php:6
Stack trace:
#0 /home2/revaarrf/suvedfoods.com/wp-includes/template.php(770): require_once()
#1 /home2/revaarrf/suvedfoods.com/wp-includes/template.php(716): load_template('/home2/revaarrf...', true, Array)
#2 /home2/revaarrf/suvedfoods.com/wp-includes/general-template.php(48): locate_template(Array, true, true, Array)
#3 /home2/revaarrf/suvedfoods.com/wp-content/themes/Divi/404.php(1): get_header()
#4 /home2/revaarrf/suvedfoods.com/wp-includes/template-loader.php(106): include('/home2/revaarrf...')
#5 /home2/revaarrf/suvedfoods.com/wp-blog-header.php(19): require_once('/home2/revaarrf...')
#6 /home2/revaarrf/suvedfoods.com/index.php(17): require('/home2/revaarrf...')
#7 {main}
  thrown in /home2/revaarrf/suvedfoods.com/wp-content/themes/Divi/header.php on line 6

2023-02-06T01:14:27+00:00 CRITICAL Uncaught Error: Call to undefined function elegant_description() in /home2/revaarrf/suvedfoods.com/wp-content/themes/Divi/header.php:6
Stack trace:
#0 /home2/revaarrf/suvedfoods.com/wp-includes/template.php(770): require_once()
#1 /home2/revaarrf/suvedfoods.com/wp-includes/template.php(716): load_template('/home2/revaarrf...', true, Array)
#2 /home2/revaarrf/suvedfoods.com/wp-includes/general-template.php(48): locate_template(Array, true, true, Array)
#3 /home2/revaarrf/suvedfoods.com/wp-content/themes/Divi/404.php(1): get_header()
#4 /home2/revaarrf/suvedfoods.com/wp-includes/template-loader.php(106): include('/home2/revaarrf...')
#5 /home2/revaarrf/suvedfoods.com/wp-blog-header.php(19): require_once('/home2/revaarrf...')
#6 /home2/revaarrf/suvedfoods.com/index.php(17): require('/home2/revaarrf...')
#7 {main}
  thrown in /home2/revaarrf/suvedfoods.com/wp-content/themes/Divi/header.php on line 6

2023-02-06T01:35:07+00:00 CRITICAL Uncaught Error: Call to undefined function elegant_description() in /home2/revaarrf/suvedfoods.com/wp-content/themes/Divi/header.php:6
Stack trace:
#0 /home2/revaarrf/suvedfoods.com/wp-includes/template.php(770): require_once()
#1 /home2/revaarrf/suvedfoods.com/wp-includes/template.php(716): load_template('/home2/revaarrf...', true, Array)
#2 /home2/revaarrf/suvedfoods.com/wp-includes/general-template.php(48): locate_template(Array, true, true, Array)
#3 /home2/revaarrf/suvedfoods.com/wp-content/themes/Divi/404.php(1): get_header()
#4 /home2/revaarrf/suvedfoods.com/wp-includes/template-loader.php(106): include('/home2/revaarrf...')
#5 /home2/revaarrf/suvedfoods.com/wp-blog-header.php(19): require_once('/home2/revaarrf...')
#6 /home2/revaarrf/suvedfoods.com/index.php(17): require('/home2/revaarrf...')
#7 {main}
  thrown in /home2/revaarrf/suvedfoods.com/wp-content/themes/Divi/header.php on line 6

2023-02-06T01:40:28+00:00 CRITICAL Uncaught Error: Call to undefined function elegant_description() in /home2/revaarrf/suvedfoods.com/wp-content/themes/Divi/header.php:6
Stack trace:
#0 /home2/revaarrf/suvedfoods.com/wp-includes/template.php(770): require_once()
#1 /home2/revaarrf/suvedfoods.com/wp-includes/template.php(716): load_template('/home2/revaarrf...', true, Array)
#2 /home2/revaarrf/suvedfoods.com/wp-includes/general-template.php(48): locate_template(Array, true, true, Array)
#3 /home2/revaarrf/suvedfoods.com/wp-content/themes/Divi/404.php(1): get_header()
#4 /home2/revaarrf/suvedfoods.com/wp-includes/template-loader.php(106): include('/home2/revaarrf...')
#5 /home2/revaarrf/suvedfoods.com/wp-blog-header.php(19): require_once('/home2/revaarrf...')
#6 /home2/revaarrf/suvedfoods.com/index.php(17): require('/home2/revaarrf...')
#7 {main}
  thrown in /home2/revaarrf/suvedfoods.com/wp-content/themes/Divi/header.php on line 6

2023-02-06T01:48:29+00:00 CRITICAL Uncaught Error: Call to undefined function elegant_description() in /home2/revaarrf/suvedfoods.com/wp-content/themes/Divi/header.php:6
Stack trace:
#0 /home2/revaarrf/suvedfoods.com/wp-includes/template.php(770): require_once()
#1 /home2/revaarrf/suvedfoods.com/wp-includes/template.php(716): load_template('/home2/revaarrf...', true, Array)
#2 /home2/revaarrf/suvedfoods.com/wp-includes/general-template.php(48): locate_template(Array, true, true, Array)
#3 /home2/revaarrf/suvedfoods.com/wp-content/themes/Divi/404.php(1): get_header()
#4 /home2/revaarrf/suvedfoods.com/wp-includes/template-loader.php(106): include('/home2/revaarrf...')
#5 /home2/revaarrf/suvedfoods.com/wp-blog-header.php(19): require_once('/home2/revaarrf...')
#6 /home2/revaarrf/suvedfoods.com/index.php(17): require('/home2/revaarrf...')
#7 {main}
  thrown in /home2/revaarrf/suvedfoods.com/wp-content/themes/Divi/header.php on line 6

2023-02-06T01:50:17+00:00 CRITICAL Uncaught Error: Call to undefined function elegant_description() in /home2/revaarrf/suvedfoods.com/wp-content/themes/Divi/header.php:6
Stack trace:
#0 /home2/revaarrf/suvedfoods.com/wp-includes/template.php(770): require_once()
#1 /home2/revaarrf/suvedfoods.com/wp-includes/template.php(716): load_template('/home2/revaarrf...', true, Array)
#2 /home2/revaarrf/suvedfoods.com/wp-includes/general-template.php(48): locate_template(Array, true, true, Array)
#3 /home2/revaarrf/suvedfoods.com/wp-content/themes/Divi/404.php(1): get_header()
#4 /home2/revaarrf/suvedfoods.com/wp-includes/template-loader.php(106): include('/home2/revaarrf...')
#5 /home2/revaarrf/suvedfoods.com/wp-blog-header.php(19): require_once('/home2/revaarrf...')
#6 /home2/revaarrf/suvedfoods.com/index.php(17): require('/home2/revaarrf...')
#7 {main}
  thrown in /home2/revaarrf/suvedfoods.com/wp-content/themes/Divi/header.php on line 6

2023-02-06T01:53:08+00:00 CRITICAL Uncaught Error: Call to undefined function elegant_description() in /home2/revaarrf/suvedfoods.com/wp-content/themes/Divi/header.php:6
Stack trace:
#0 /home2/revaarrf/suvedfoods.com/wp-includes/template.php(770): require_once()
#1 /home2/revaarrf/suvedfoods.com/wp-includes/template.php(716): load_template('/home2/revaarrf...', true, Array)
#2 /home2/revaarrf/suvedfoods.com/wp-includes/general-template.php(48): locate_template(Array, true, true, Array)
#3 /home2/revaarrf/suvedfoods.com/wp-content/themes/Divi/404.php(1): get_header()
#4 /home2/revaarrf/suvedfoods.com/wp-includes/template-loader.php(106): include('/home2/revaarrf...')
#5 /home2/revaarrf/suvedfoods.com/wp-blog-header.php(19): require_once('/home2/revaarrf...')
#6 /home2/revaarrf/suvedfoods.com/index.php(17): require('/home2/revaarrf...')
#7 {main}
  thrown in /home2/revaarrf/suvedfoods.com/wp-content/themes/Divi/header.php on line 6

2023-02-06T01:59:30+00:00 CRITICAL Uncaught Error: Call to undefined function elegant_description() in /home2/revaarrf/suvedfoods.com/wp-content/themes/Divi/header.php:6
Stack trace:
#0 /home2/revaarrf/suvedfoods.com/wp-includes/template.php(770): require_once()
#1 /home2/revaarrf/suvedfoods.com/wp-includes/template.php(716): load_template('/home2/revaarrf...', true, Array)
#2 /home2/revaarrf/suvedfoods.com/wp-includes/general-template.php(48): locate_template(Array, true, true, Array)
#3 /home2/revaarrf/suvedfoods.com/wp-content/themes/Divi/404.php(1): get_header()
#4 /home2/revaarrf/suvedfoods.com/wp-includes/template-loader.php(106): include('/home2/revaarrf...')
#5 /home2/revaarrf/suvedfoods.com/wp-blog-header.php(19): require_once('/home2/revaarrf...')
#6 /home2/revaarrf/suvedfoods.com/index.php(17): require('/home2/revaarrf...')
#7 {main}
  thrown in /home2/revaarrf/suvedfoods.com/wp-content/themes/Divi/header.php on line 6

2023-02-06T02:03:56+00:00 CRITICAL Uncaught Error: Call to undefined function elegant_description() in /home2/revaarrf/suvedfoods.com/wp-content/themes/Divi/header.php:6
Stack trace:
#0 /home2/revaarrf/suvedfoods.com/wp-includes/template.php(770): require_once()
#1 /home2/revaarrf/suvedfoods.com/wp-includes/template.php(716): load_template('/home2/revaarrf...', true, Array)
#2 /home2/revaarrf/suvedfoods.com/wp-includes/general-template.php(48): locate_template(Array, true, true, Array)
#3 /home2/revaarrf/suvedfoods.com/wp-content/themes/Divi/404.php(1): get_header()
#4 /home2/revaarrf/suvedfoods.com/wp-includes/template-loader.php(106): include('/home2/revaarrf...')
#5 /home2/revaarrf/suvedfoods.com/wp-blog-header.php(19): require_once('/home2/revaarrf...')
#6 /home2/revaarrf/suvedfoods.com/index.php(17): require('/home2/revaarrf...')
#7 {main}
  thrown in /home2/revaarrf/suvedfoods.com/wp-content/themes/Divi/header.php on line 6

2023-02-06T02:10:59+00:00 CRITICAL Uncaught Error: Call to undefined function elegant_description() in /home2/revaarrf/suvedfoods.com/wp-content/themes/Divi/header.php:6
Stack trace:
#0 /home2/revaarrf/suvedfoods.com/wp-includes/template.php(770): require_once()
#1 /home2/revaarrf/suvedfoods.com/wp-includes/template.php(716): load_template('/home2/revaarrf...', true, Array)
#2 /home2/revaarrf/suvedfoods.com/wp-includes/general-template.php(48): locate_template(Array, true, true, Array)
#3 /home2/revaarrf/suvedfoods.com/wp-content/themes/Divi/404.php(1): get_header()
#4 /home2/revaarrf/suvedfoods.com/wp-includes/template-loader.php(106): include('/home2/revaarrf...')
#5 /home2/revaarrf/suvedfoods.com/wp-blog-header.php(19): require_once('/home2/revaarrf...')
#6 /home2/revaarrf/suvedfoods.com/index.php(17): require('/home2/revaarrf...')
#7 {main}
  thrown in /home2/revaarrf/suvedfoods.com/wp-content/themes/Divi/header.php on line 6

2023-02-06T02:12:53+00:00 CRITICAL Uncaught Error: Call to undefined function elegant_description() in /home2/revaarrf/suvedfoods.com/wp-content/themes/Divi/header.php:6
Stack trace:
#0 /home2/revaarrf/suvedfoods.com/wp-includes/template.php(770): require_once()
#1 /home2/revaarrf/suvedfoods.com/wp-includes/template.php(716): load_template('/home2/revaarrf...', true, Array)
#2 /home2/revaarrf/suvedfoods.com/wp-includes/general-template.php(48): locate_template(Array, true, true, Array)
#3 /home2/revaarrf/suvedfoods.com/wp-content/themes/Divi/404.php(1): get_header()
#4 /home2/revaarrf/suvedfoods.com/wp-includes/template-loader.php(106): include('/home2/revaarrf...')
#5 /home2/revaarrf/suvedfoods.com/wp-blog-header.php(19): require_once('/home2/revaarrf...')
#6 /home2/revaarrf/suvedfoods.com/index.php(17): require('/home2/revaarrf...')
#7 {main}
  thrown in /home2/revaarrf/suvedfoods.com/wp-content/themes/Divi/header.php on line 6

2023-02-06T02:29:56+00:00 CRITICAL Uncaught Error: Call to undefined function elegant_description() in /home2/revaarrf/suvedfoods.com/wp-content/themes/Divi/header.php:6
Stack trace:
#0 /home2/revaarrf/suvedfoods.com/wp-includes/template.php(770): require_once()
#1 /home2/revaarrf/suvedfoods.com/wp-includes/template.php(716): load_template('/home2/revaarrf...', true, Array)
#2 /home2/revaarrf/suvedfoods.com/wp-includes/general-template.php(48): locate_template(Array, true, true, Array)
#3 /home2/revaarrf/suvedfoods.com/wp-content/themes/Divi/404.php(1): get_header()
#4 /home2/revaarrf/suvedfoods.com/wp-includes/template-loader.php(106): include('/home2/revaarrf...')
#5 /home2/revaarrf/suvedfoods.com/wp-blog-header.php(19): require_once('/home2/revaarrf...')
#6 /home2/revaarrf/suvedfoods.com/index.php(17): require('/home2/revaarrf...')
#7 {main}
  thrown in /home2/revaarrf/suvedfoods.com/wp-content/themes/Divi/header.php on line 6

2023-02-06T02:30:25+00:00 CRITICAL Uncaught Error: Call to undefined function elegant_description() in /home2/revaarrf/suvedfoods.com/wp-content/themes/Divi/header.php:6
Stack trace:
#0 /home2/revaarrf/suvedfoods.com/wp-includes/template.php(770): require_once()
#1 /home2/revaarrf/suvedfoods.com/wp-includes/template.php(716): load_template('/home2/revaarrf...', true, Array)
#2 /home2/revaarrf/suvedfoods.com/wp-includes/general-template.php(48): locate_template(Array, true, true, Array)
#3 /home2/revaarrf/suvedfoods.com/wp-content/themes/Divi/404.php(1): get_header()
#4 /home2/revaarrf/suvedfoods.com/wp-includes/template-loader.php(106): include('/home2/revaarrf...')
#5 /home2/revaarrf/suvedfoods.com/wp-blog-header.php(19): require_once('/home2/revaarrf...')
#6 /home2/revaarrf/suvedfoods.com/index.php(17): require('/home2/revaarrf...')
#7 {main}
  thrown in /home2/revaarrf/suvedfoods.com/wp-content/themes/Divi/header.php on line 6

2023-02-06T02:39:31+00:00 CRITICAL Uncaught Error: Call to undefined function elegant_description() in /home2/revaarrf/suvedfoods.com/wp-content/themes/Divi/header.php:6
Stack trace:
#0 /home2/revaarrf/suvedfoods.com/wp-includes/template.php(770): require_once()
#1 /home2/revaarrf/suvedfoods.com/wp-includes/template.php(716): load_template('/home2/revaarrf...', true, Array)
#2 /home2/revaarrf/suvedfoods.com/wp-includes/general-template.php(48): locate_template(Array, true, true, Array)
#3 /home2/revaarrf/suvedfoods.com/wp-content/themes/Divi/single.php(3): get_header()
#4 /home2/revaarrf/suvedfoods.com/wp-includes/template-loader.php(106): include('/home2/revaarrf...')
#5 /home2/revaarrf/suvedfoods.com/wp-blog-header.php(19): require_once('/home2/revaarrf...')
#6 /home2/revaarrf/suvedfoods.com/index.php(17): require('/home2/revaarrf...')
#7 {main}
  thrown in /home2/revaarrf/suvedfoods.com/wp-content/themes/Divi/header.php on line 6

2023-02-06T02:39:32+00:00 CRITICAL Uncaught Error: Call to undefined function elegant_description() in /home2/revaarrf/suvedfoods.com/wp-content/themes/Divi/header.php:6
Stack trace:
#0 /home2/revaarrf/suvedfoods.com/wp-includes/template.php(770): require_once()
#1 /home2/revaarrf/suvedfoods.com/wp-includes/template.php(716): load_template('/home2/revaarrf...', true, Array)
#2 /home2/revaarrf/suvedfoods.com/wp-includes/general-template.php(48): locate_template(Array, true, true, Array)
#3 /home2/revaarrf/suvedfoods.com/wp-content/themes/Divi/single.php(3): get_header()
#4 /home2/revaarrf/suvedfoods.com/wp-includes/template-loader.php(106): include('/home2/revaarrf...')
#5 /home2/revaarrf/suvedfoods.com/wp-blog-header.php(19): require_once('/home2/revaarrf...')
#6 /home2/revaarrf/suvedfoods.com/index.php(17): require('/home2/revaarrf...')
#7 {main}
  thrown in /home2/revaarrf/suvedfoods.com/wp-content/themes/Divi/header.php on line 6

2023-02-06T02:40:31+00:00 CRITICAL Uncaught Error: Call to undefined function elegant_description() in /home2/revaarrf/suvedfoods.com/wp-content/themes/Divi/header.php:6
Stack trace:
#0 /home2/revaarrf/suvedfoods.com/wp-includes/template.php(770): require_once()
#1 /home2/revaarrf/suvedfoods.com/wp-includes/template.php(716): load_template('/home2/revaarrf...', true, Array)
#2 /home2/revaarrf/suvedfoods.com/wp-includes/general-template.php(48): locate_template(Array, true, true, Array)
#3 /home2/revaarrf/suvedfoods.com/wp-content/themes/Divi/single.php(3): get_header()
#4 /home2/revaarrf/suvedfoods.com/wp-includes/template-loader.php(106): include('/home2/revaarrf...')
#5 /home2/revaarrf/suvedfoods.com/wp-blog-header.php(19): require_once('/home2/revaarrf...')
#6 /home2/revaarrf/suvedfoods.com/index.php(17): require('/home2/revaarrf...')
#7 {main}
  thrown in /home2/revaarrf/suvedfoods.com/wp-content/themes/Divi/header.php on line 6

2023-02-06T02:40:32+00:00 CRITICAL Uncaught Error: Call to undefined function elegant_description() in /home2/revaarrf/suvedfoods.com/wp-content/themes/Divi/header.php:6
Stack trace:
#0 /home2/revaarrf/suvedfoods.com/wp-includes/template.php(770): require_once()
#1 /home2/revaarrf/suvedfoods.com/wp-includes/template.php(716): load_template('/home2/revaarrf...', true, Array)
#2 /home2/revaarrf/suvedfoods.com/wp-includes/general-template.php(48): locate_template(Array, true, true, Array)
#3 /home2/revaarrf/suvedfoods.com/wp-content/themes/Divi/single.php(3): get_header()
#4 /home2/revaarrf/suvedfoods.com/wp-includes/template-loader.php(106): include('/home2/revaarrf...')
#5 /home2/revaarrf/suvedfoods.com/wp-blog-header.php(19): require_once('/home2/revaarrf...')
#6 /home2/revaarrf/suvedfoods.com/index.php(17): require('/home2/revaarrf...')
#7 {main}
  thrown in /home2/revaarrf/suvedfoods.com/wp-content/themes/Divi/header.php on line 6

2023-02-06T02:41:32+00:00 CRITICAL Uncaught Error: Call to undefined function elegant_description() in /home2/revaarrf/suvedfoods.com/wp-content/themes/Divi/header.php:6
Stack trace:
#0 /home2/revaarrf/suvedfoods.com/wp-includes/template.php(770): require_once()
#1 /home2/revaarrf/suvedfoods.com/wp-includes/template.php(716): load_template('/home2/revaarrf...', true, Array)
#2 /home2/revaarrf/suvedfoods.com/wp-includes/general-template.php(48): locate_template(Array, true, true, Array)
#3 /home2/revaarrf/suvedfoods.com/wp-content/themes/Divi/single.php(3): get_header()
#4 /home2/revaarrf/suvedfoods.com/wp-includes/template-loader.php(106): include('/home2/revaarrf...')
#5 /home2/revaarrf/suvedfoods.com/wp-blog-header.php(19): require_once('/home2/revaarrf...')
#6 /home2/revaarrf/suvedfoods.com/index.php(17): require('/home2/revaarrf...')
#7 {main}
  thrown in /home2/revaarrf/suvedfoods.com/wp-content/themes/Divi/header.php on line 6

2023-02-06T02:41:33+00:00 CRITICAL Uncaught Error: Call to undefined function elegant_description() in /home2/revaarrf/suvedfoods.com/wp-content/themes/Divi/header.php:6
Stack trace:
#0 /home2/revaarrf/suvedfoods.com/wp-includes/template.php(770): require_once()
#1 /home2/revaarrf/suvedfoods.com/wp-includes/template.php(716): load_template('/home2/revaarrf...', true, Array)
#2 /home2/revaarrf/suvedfoods.com/wp-includes/general-template.php(48): locate_template(Array, true, true, Array)
#3 /home2/revaarrf/suvedfoods.com/wp-content/themes/Divi/single.php(3): get_header()
#4 /home2/revaarrf/suvedfoods.com/wp-includes/template-loader.php(106): include('/home2/revaarrf...')
#5 /home2/revaarrf/suvedfoods.com/wp-blog-header.php(19): require_once('/home2/revaarrf...')
#6 /home2/revaarrf/suvedfoods.com/index.php(17): require('/home2/revaarrf...')
#7 {main}
  thrown in /home2/revaarrf/suvedfoods.com/wp-content/themes/Divi/header.php on line 6

2023-02-06T02:42:32+00:00 CRITICAL Uncaught Error: Call to undefined function elegant_description() in /home2/revaarrf/suvedfoods.com/wp-content/themes/Divi/header.php:6
Stack trace:
#0 /home2/revaarrf/suvedfoods.com/wp-includes/template.php(770): require_once()
#1 /home2/revaarrf/suvedfoods.com/wp-includes/template.php(716): load_template('/home2/revaarrf...', true, Array)
#2 /home2/revaarrf/suvedfoods.com/wp-includes/general-template.php(48): locate_template(Array, true, true, Array)
#3 /home2/revaarrf/suvedfoods.com/wp-content/themes/Divi/single.php(3): get_header()
#4 /home2/revaarrf/suvedfoods.com/wp-includes/template-loader.php(106): include('/home2/revaarrf...')
#5 /home2/revaarrf/suvedfoods.com/wp-blog-header.php(19): require_once('/home2/revaarrf...')
#6 /home2/revaarrf/suvedfoods.com/index.php(17): require('/home2/revaarrf...')
#7 {main}
  thrown in /home2/revaarrf/suvedfoods.com/wp-content/themes/Divi/header.php on line 6

2023-02-06T02:42:33+00:00 CRITICAL Uncaught Error: Call to undefined function elegant_description() in /home2/revaarrf/suvedfoods.com/wp-content/themes/Divi/header.php:6
Stack trace:
#0 /home2/revaarrf/suvedfoods.com/wp-includes/template.php(770): require_once()
#1 /home2/revaarrf/suvedfoods.com/wp-includes/template.php(716): load_template('/home2/revaarrf...', true, Array)
#2 /home2/revaarrf/suvedfoods.com/wp-includes/general-template.php(48): locate_template(Array, true, true, Array)
#3 /home2/revaarrf/suvedfoods.com/wp-content/themes/Divi/single.php(3): get_header()
#4 /home2/revaarrf/suvedfoods.com/wp-includes/template-loader.php(106): include('/home2/revaarrf...')
#5 /home2/revaarrf/suvedfoods.com/wp-blog-header.php(19): require_once('/home2/revaarrf...')
#6 /home2/revaarrf/suvedfoods.com/index.php(17): require('/home2/revaarrf...')
#7 {main}
  thrown in /home2/revaarrf/suvedfoods.com/wp-content/themes/Divi/header.php on line 6

2023-02-06T02:53:54+00:00 CRITICAL Uncaught Error: Call to undefined function elegant_description() in /home2/revaarrf/suvedfoods.com/wp-content/themes/Divi/header.php:6
Stack trace:
#0 /home2/revaarrf/suvedfoods.com/wp-includes/template.php(770): require_once()
#1 /home2/revaarrf/suvedfoods.com/wp-includes/template.php(716): load_template('/home2/revaarrf...', true, Array)
#2 /home2/revaarrf/suvedfoods.com/wp-includes/general-template.php(48): locate_template(Array, true, true, Array)
#3 /home2/revaarrf/suvedfoods.com/wp-content/themes/Divi/404.php(1): get_header()
#4 /home2/revaarrf/suvedfoods.com/wp-includes/template-loader.php(106): include('/home2/revaarrf...')
#5 /home2/revaarrf/suvedfoods.com/wp-blog-header.php(19): require_once('/home2/revaarrf...')
#6 /home2/revaarrf/suvedfoods.com/index.php(17): require('/home2/revaarrf...')
#7 {main}
  thrown in /home2/revaarrf/suvedfoods.com/wp-content/themes/Divi/header.php on line 6

2023-02-06T02:57:02+00:00 CRITICAL Uncaught Error: Call to undefined function elegant_description() in /home2/revaarrf/suvedfoods.com/wp-content/themes/Divi/header.php:6
Stack trace:
#0 /home2/revaarrf/suvedfoods.com/wp-includes/template.php(770): require_once()
#1 /home2/revaarrf/suvedfoods.com/wp-includes/template.php(716): load_template('/home2/revaarrf...', true, Array)
#2 /home2/revaarrf/suvedfoods.com/wp-includes/general-template.php(48): locate_template(Array, true, true, Array)
#3 /home2/revaarrf/suvedfoods.com/wp-content/themes/Divi/page.php(3): get_header()
#4 /home2/revaarrf/suvedfoods.com/wp-includes/template-loader.php(106): include('/home2/revaarrf...')
#5 /home2/revaarrf/suvedfoods.com/wp-blog-header.php(19): require_once('/home2/revaarrf...')
#6 /home2/revaarrf/suvedfoods.com/index.php(17): require('/home2/revaarrf...')
#7 {main}
  thrown in /home2/revaarrf/suvedfoods.com/wp-content/themes/Divi/header.php on line 6

2023-02-06T03:08:35+00:00 CRITICAL Uncaught Error: Call to undefined function elegant_description() in /home2/revaarrf/suvedfoods.com/wp-content/themes/Divi/header.php:6
Stack trace:
#0 /home2/revaarrf/suvedfoods.com/wp-includes/template.php(770): require_once()
#1 /home2/revaarrf/suvedfoods.com/wp-includes/template.php(716): load_template('/home2/revaarrf...', true, Array)
#2 /home2/revaarrf/suvedfoods.com/wp-includes/general-template.php(48): locate_template(Array, true, true, Array)
#3 /home2/revaarrf/suvedfoods.com/wp-content/themes/Divi/404.php(1): get_header()
#4 /home2/revaarrf/suvedfoods.com/wp-includes/template-loader.php(106): include('/home2/revaarrf...')
#5 /home2/revaarrf/suvedfoods.com/wp-blog-header.php(19): require_once('/home2/revaarrf...')
#6 /home2/revaarrf/suvedfoods.com/index.php(17): require('/home2/revaarrf...')
#7 {main}
  thrown in /home2/revaarrf/suvedfoods.com/wp-content/themes/Divi/header.php on line 6

2023-02-06T03:10:44+00:00 CRITICAL Uncaught Error: Call to undefined function elegant_description() in /home2/revaarrf/suvedfoods.com/wp-content/themes/Divi/header.php:6
Stack trace:
#0 /home2/revaarrf/suvedfoods.com/wp-includes/template.php(770): require_once()
#1 /home2/revaarrf/suvedfoods.com/wp-includes/template.php(716): load_template('/home2/revaarrf...', true, Array)
#2 /home2/revaarrf/suvedfoods.com/wp-includes/general-template.php(48): locate_template(Array, true, true, Array)
#3 /home2/revaarrf/suvedfoods.com/wp-content/themes/Divi/404.php(1): get_header()
#4 /home2/revaarrf/suvedfoods.com/wp-includes/template-loader.php(106): include('/home2/revaarrf...')
#5 /home2/revaarrf/suvedfoods.com/wp-blog-header.php(19): require_once('/home2/revaarrf...')
#6 /home2/revaarrf/suvedfoods.com/index.php(17): require('/home2/revaarrf...')
#7 {main}
  thrown in /home2/revaarrf/suvedfoods.com/wp-content/themes/Divi/header.php on line 6

2023-02-06T03:16:31+00:00 CRITICAL Uncaught Error: Call to undefined function elegant_description() in /home2/revaarrf/suvedfoods.com/wp-content/themes/Divi/header.php:6
Stack trace:
#0 /home2/revaarrf/suvedfoods.com/wp-includes/template.php(770): require_once()
#1 /home2/revaarrf/suvedfoods.com/wp-includes/template.php(716): load_template('/home2/revaarrf...', true, Array)
#2 /home2/revaarrf/suvedfoods.com/wp-includes/general-template.php(48): locate_template(Array, true, true, Array)
#3 /home2/revaarrf/suvedfoods.com/wp-content/themes/Divi/single.php(3): get_header()
#4 /home2/revaarrf/suvedfoods.com/wp-includes/template-loader.php(106): include('/home2/revaarrf...')
#5 /home2/revaarrf/suvedfoods.com/wp-blog-header.php(19): require_once('/home2/revaarrf...')
#6 /home2/revaarrf/suvedfoods.com/index.php(17): require('/home2/revaarrf...')
#7 {main}
  thrown in /home2/revaarrf/suvedfoods.com/wp-content/themes/Divi/header.php on line 6

2023-02-06T03:27:26+00:00 CRITICAL Uncaught Error: Call to undefined function elegant_description() in /home2/revaarrf/suvedfoods.com/wp-content/themes/Divi/header.php:6
Stack trace:
#0 /home2/revaarrf/suvedfoods.com/wp-includes/template.php(770): require_once()
#1 /home2/revaarrf/suvedfoods.com/wp-includes/template.php(716): load_template('/home2/revaarrf...', true, Array)
#2 /home2/revaarrf/suvedfoods.com/wp-includes/general-template.php(48): locate_template(Array, true, true, Array)
#3 /home2/revaarrf/suvedfoods.com/wp-content/themes/Divi/404.php(1): get_header()
#4 /home2/revaarrf/suvedfoods.com/wp-includes/template-loader.php(106): include('/home2/revaarrf...')
#5 /home2/revaarrf/suvedfoods.com/wp-blog-header.php(19): require_once('/home2/revaarrf...')
#6 /home2/revaarrf/suvedfoods.com/index.php(17): require('/home2/revaarrf...')
#7 {main}
  thrown in /home2/revaarrf/suvedfoods.com/wp-content/themes/Divi/header.php on line 6

2023-02-06T03:29:07+00:00 CRITICAL Uncaught Error: Call to undefined function elegant_description() in /home2/revaarrf/suvedfoods.com/wp-content/themes/Divi/header.php:6
Stack trace:
#0 /home2/revaarrf/suvedfoods.com/wp-includes/template.php(770): require_once()
#1 /home2/revaarrf/suvedfoods.com/wp-includes/template.php(716): load_template('/home2/revaarrf...', true, Array)
#2 /home2/revaarrf/suvedfoods.com/wp-includes/general-template.php(48): locate_template(Array, true, true, Array)
#3 /home2/revaarrf/suvedfoods.com/wp-content/themes/Divi/404.php(1): get_header()
#4 /home2/revaarrf/suvedfoods.com/wp-includes/template-loader.php(106): include('/home2/revaarrf...')
#5 /home2/revaarrf/suvedfoods.com/wp-blog-header.php(19): require_once('/home2/revaarrf...')
#6 /home2/revaarrf/suvedfoods.com/index.php(17): require('/home2/revaarrf...')
#7 {main}
  thrown in /home2/revaarrf/suvedfoods.com/wp-content/themes/Divi/header.php on line 6

2023-02-06T03:33:21+00:00 CRITICAL Uncaught Error: Call to undefined function elegant_description() in /home2/revaarrf/suvedfoods.com/wp-content/themes/Divi/header.php:6
Stack trace:
#0 /home2/revaarrf/suvedfoods.com/wp-includes/template.php(770): require_once()
#1 /home2/revaarrf/suvedfoods.com/wp-includes/template.php(716): load_template('/home2/revaarrf...', true, Array)
#2 /home2/revaarrf/suvedfoods.com/wp-includes/general-template.php(48): locate_template(Array, true, true, Array)
#3 /home2/revaarrf/suvedfoods.com/wp-content/themes/Divi/404.php(1): get_header()
#4 /home2/revaarrf/suvedfoods.com/wp-includes/template-loader.php(106): include('/home2/revaarrf...')
#5 /home2/revaarrf/suvedfoods.com/wp-blog-header.php(19): require_once('/home2/revaarrf...')
#6 /home2/revaarrf/suvedfoods.com/index.php(17): require('/home2/revaarrf...')
#7 {main}
  thrown in /home2/revaarrf/suvedfoods.com/wp-content/themes/Divi/header.php on line 6

2023-02-06T03:34:38+00:00 CRITICAL Uncaught Error: Call to undefined function elegant_description() in /home2/revaarrf/suvedfoods.com/wp-content/themes/Divi/header.php:6
Stack trace:
#0 /home2/revaarrf/suvedfoods.com/wp-includes/template.php(770): require_once()
#1 /home2/revaarrf/suvedfoods.com/wp-includes/template.php(716): load_template('/home2/revaarrf...', true, Array)
#2 /home2/revaarrf/suvedfoods.com/wp-includes/general-template.php(48): locate_template(Array, true, true, Array)
#3 /home2/revaarrf/suvedfoods.com/wp-content/themes/Divi/404.php(1): get_header()
#4 /home2/revaarrf/suvedfoods.com/wp-includes/template-loader.php(106): include('/home2/revaarrf...')
#5 /home2/revaarrf/suvedfoods.com/wp-blog-header.php(19): require_once('/home2/revaarrf...')
#6 /home2/revaarrf/suvedfoods.com/index.php(17): require('/home2/revaarrf...')
#7 {main}
  thrown in /home2/revaarrf/suvedfoods.com/wp-content/themes/Divi/header.php on line 6

2023-02-06T03:37:14+00:00 CRITICAL Uncaught Error: Call to undefined function elegant_description() in /home2/revaarrf/suvedfoods.com/wp-content/themes/Divi/header.php:6
Stack trace:
#0 /home2/revaarrf/suvedfoods.com/wp-includes/template.php(770): require_once()
#1 /home2/revaarrf/suvedfoods.com/wp-includes/template.php(716): load_template('/home2/revaarrf...', true, Array)
#2 /home2/revaarrf/suvedfoods.com/wp-includes/general-template.php(48): locate_template(Array, true, true, Array)
#3 /home2/revaarrf/suvedfoods.com/wp-content/themes/Divi/404.php(1): get_header()
#4 /home2/revaarrf/suvedfoods.com/wp-includes/template-loader.php(106): include('/home2/revaarrf...')
#5 /home2/revaarrf/suvedfoods.com/wp-blog-header.php(19): require_once('/home2/revaarrf...')
#6 /home2/revaarrf/suvedfoods.com/index.php(17): require('/home2/revaarrf...')
#7 {main}
  thrown in /home2/revaarrf/suvedfoods.com/wp-content/themes/Divi/header.php on line 6

2023-02-06T03:39:11+00:00 CRITICAL Uncaught Error: Call to undefined function elegant_description() in /home2/revaarrf/suvedfoods.com/wp-content/themes/Divi/header.php:6
Stack trace:
#0 /home2/revaarrf/suvedfoods.com/wp-includes/template.php(770): require_once()
#1 /home2/revaarrf/suvedfoods.com/wp-includes/template.php(716): load_template('/home2/revaarrf...', true, Array)
#2 /home2/revaarrf/suvedfoods.com/wp-includes/general-template.php(48): locate_template(Array, true, true, Array)
#3 /home2/revaarrf/suvedfoods.com/wp-content/themes/Divi/404.php(1): get_header()
#4 /home2/revaarrf/suvedfoods.com/wp-includes/template-loader.php(106): include('/home2/revaarrf...')
#5 /home2/revaarrf/suvedfoods.com/wp-blog-header.php(19): require_once('/home2/revaarrf...')
#6 /home2/revaarrf/suvedfoods.com/index.php(17): require('/home2/revaarrf...')
#7 {main}
  thrown in /home2/revaarrf/suvedfoods.com/wp-content/themes/Divi/header.php on line 6

2023-02-06T03:53:22+00:00 CRITICAL Uncaught Error: Call to undefined function elegant_description() in /home2/revaarrf/suvedfoods.com/wp-content/themes/Divi/header.php:6
Stack trace:
#0 /home2/revaarrf/suvedfoods.com/wp-includes/template.php(770): require_once()
#1 /home2/revaarrf/suvedfoods.com/wp-includes/template.php(716): load_template('/home2/revaarrf...', true, Array)
#2 /home2/revaarrf/suvedfoods.com/wp-includes/general-template.php(48): locate_template(Array, true, true, Array)
#3 /home2/revaarrf/suvedfoods.com/wp-content/themes/Divi/404.php(1): get_header()
#4 /home2/revaarrf/suvedfoods.com/wp-includes/template-loader.php(106): include('/home2/revaarrf...')
#5 /home2/revaarrf/suvedfoods.com/wp-blog-header.php(19): require_once('/home2/revaarrf...')
#6 /home2/revaarrf/suvedfoods.com/index.php(17): require('/home2/revaarrf...')
#7 {main}
  thrown in /home2/revaarrf/suvedfoods.com/wp-content/themes/Divi/header.php on line 6

2023-02-06T04:02:12+00:00 CRITICAL Uncaught Error: Call to undefined function elegant_description() in /home2/revaarrf/suvedfoods.com/wp-content/themes/Divi/header.php:6
Stack trace:
#0 /home2/revaarrf/suvedfoods.com/wp-includes/template.php(770): require_once()
#1 /home2/revaarrf/suvedfoods.com/wp-includes/template.php(716): load_template('/home2/revaarrf...', true, Array)
#2 /home2/revaarrf/suvedfoods.com/wp-includes/general-template.php(48): locate_template(Array, true, true, Array)
#3 /home2/revaarrf/suvedfoods.com/wp-content/themes/Divi/page.php(3): get_header()
#4 /home2/revaarrf/suvedfoods.com/wp-includes/template-loader.php(106): include('/home2/revaarrf...')
#5 /home2/revaarrf/suvedfoods.com/wp-blog-header.php(19): require_once('/home2/revaarrf...')
#6 /home2/revaarrf/suvedfoods.com/index.php(17): require('/home2/revaarrf...')
#7 {main}
  thrown in /home2/revaarrf/suvedfoods.com/wp-content/themes/Divi/header.php on line 6

2023-02-06T04:08:40+00:00 CRITICAL Uncaught Error: Call to undefined function elegant_description() in /home2/revaarrf/suvedfoods.com/wp-content/themes/Divi/header.php:6
Stack trace:
#0 /home2/revaarrf/suvedfoods.com/wp-includes/template.php(770): require_once()
#1 /home2/revaarrf/suvedfoods.com/wp-includes/template.php(716): load_template('/home2/revaarrf...', true, Array)
#2 /home2/revaarrf/suvedfoods.com/wp-includes/general-template.php(48): locate_template(Array, true, true, Array)
#3 /home2/revaarrf/suvedfoods.com/wp-content/themes/Divi/404.php(1): get_header()
#4 /home2/revaarrf/suvedfoods.com/wp-includes/template-loader.php(106): include('/home2/revaarrf...')
#5 /home2/revaarrf/suvedfoods.com/wp-blog-header.php(19): require_once('/home2/revaarrf...')
#6 /home2/revaarrf/suvedfoods.com/index.php(17): require('/home2/revaarrf...')
#7 {main}
  thrown in /home2/revaarrf/suvedfoods.com/wp-content/themes/Divi/header.php on line 6

2023-02-06T04:10:58+00:00 CRITICAL Uncaught Error: Call to undefined function elegant_description() in /home2/revaarrf/suvedfoods.com/wp-content/themes/Divi/header.php:6
Stack trace:
#0 /home2/revaarrf/suvedfoods.com/wp-includes/template.php(770): require_once()
#1 /home2/revaarrf/suvedfoods.com/wp-includes/template.php(716): load_template('/home2/revaarrf...', true, Array)
#2 /home2/revaarrf/suvedfoods.com/wp-includes/general-template.php(48): locate_template(Array, true, true, Array)
#3 /home2/revaarrf/suvedfoods.com/wp-content/themes/Divi/404.php(1): get_header()
#4 /home2/revaarrf/suvedfoods.com/wp-includes/template-loader.php(106): include('/home2/revaarrf...')
#5 /home2/revaarrf/suvedfoods.com/wp-blog-header.php(19): require_once('/home2/revaarrf...')
#6 /home2/revaarrf/suvedfoods.com/index.php(17): require('/home2/revaarrf...')
#7 {main}
  thrown in /home2/revaarrf/suvedfoods.com/wp-content/themes/Divi/header.php on line 6

2023-02-06T04:14:05+00:00 CRITICAL Uncaught Error: Call to undefined function elegant_description() in /home2/revaarrf/suvedfoods.com/wp-content/themes/Divi/header.php:6
Stack trace:
#0 /home2/revaarrf/suvedfoods.com/wp-includes/template.php(770): require_once()
#1 /home2/revaarrf/suvedfoods.com/wp-includes/template.php(716): load_template('/home2/revaarrf...', true, Array)
#2 /home2/revaarrf/suvedfoods.com/wp-includes/general-template.php(48): locate_template(Array, true, true, Array)
#3 /home2/revaarrf/suvedfoods.com/wp-content/themes/Divi/404.php(1): get_header()
#4 /home2/revaarrf/suvedfoods.com/wp-includes/template-loader.php(106): include('/home2/revaarrf...')
#5 /home2/revaarrf/suvedfoods.com/wp-blog-header.php(19): require_once('/home2/revaarrf...')
#6 /home2/revaarrf/suvedfoods.com/index.php(17): require('/home2/revaarrf...')
#7 {main}
  thrown in /home2/revaarrf/suvedfoods.com/wp-content/themes/Divi/header.php on line 6

2023-02-06T04:15:39+00:00 CRITICAL Uncaught Error: Call to undefined function elegant_description() in /home2/revaarrf/suvedfoods.com/wp-content/themes/Divi/header.php:6
Stack trace:
#0 /home2/revaarrf/suvedfoods.com/wp-includes/template.php(770): require_once()
#1 /home2/revaarrf/suvedfoods.com/wp-includes/template.php(716): load_template('/home2/revaarrf...', true, Array)
#2 /home2/revaarrf/suvedfoods.com/wp-includes/general-template.php(48): locate_template(Array, true, true, Array)
#3 /home2/revaarrf/suvedfoods.com/wp-content/themes/Divi/404.php(1): get_header()
#4 /home2/revaarrf/suvedfoods.com/wp-includes/template-loader.php(106): include('/home2/revaarrf...')
#5 /home2/revaarrf/suvedfoods.com/wp-blog-header.php(19): require_once('/home2/revaarrf...')
#6 /home2/revaarrf/suvedfoods.com/index.php(17): require('/home2/revaarrf...')
#7 {main}
  thrown in /home2/revaarrf/suvedfoods.com/wp-content/themes/Divi/header.php on line 6

2023-02-06T04:16:23+00:00 CRITICAL Uncaught Error: Call to undefined function elegant_description() in /home2/revaarrf/suvedfoods.com/wp-content/themes/Divi/header.php:6
Stack trace:
#0 /home2/revaarrf/suvedfoods.com/wp-includes/template.php(770): require_once()
#1 /home2/revaarrf/suvedfoods.com/wp-includes/template.php(716): load_template('/home2/revaarrf...', true, Array)
#2 /home2/revaarrf/suvedfoods.com/wp-includes/general-template.php(48): locate_template(Array, true, true, Array)
#3 /home2/revaarrf/suvedfoods.com/wp-content/themes/Divi/404.php(1): get_header()
#4 /home2/revaarrf/suvedfoods.com/wp-includes/template-loader.php(106): include('/home2/revaarrf...')
#5 /home2/revaarrf/suvedfoods.com/wp-blog-header.php(19): require_once('/home2/revaarrf...')
#6 /home2/revaarrf/suvedfoods.com/index.php(17): require('/home2/revaarrf...')
#7 {main}
  thrown in /home2/revaarrf/suvedfoods.com/wp-content/themes/Divi/header.php on line 6

2023-02-06T04:17:42+00:00 CRITICAL Uncaught Error: Call to undefined function elegant_description() in /home2/revaarrf/suvedfoods.com/wp-content/themes/Divi/header.php:6
Stack trace:
#0 /home2/revaarrf/suvedfoods.com/wp-includes/template.php(770): require_once()
#1 /home2/revaarrf/suvedfoods.com/wp-includes/template.php(716): load_template('/home2/revaarrf...', true, Array)
#2 /home2/revaarrf/suvedfoods.com/wp-includes/general-template.php(48): locate_template(Array, true, true, Array)
#3 /home2/revaarrf/suvedfoods.com/wp-content/themes/Divi/404.php(1): get_header()
#4 /home2/revaarrf/suvedfoods.com/wp-includes/template-loader.php(106): include('/home2/revaarrf...')
#5 /home2/revaarrf/suvedfoods.com/wp-blog-header.php(19): require_once('/home2/revaarrf...')
#6 /home2/revaarrf/suvedfoods.com/index.php(17): require('/home2/revaarrf...')
#7 {main}
  thrown in /home2/revaarrf/suvedfoods.com/wp-content/themes/Divi/header.php on line 6

2023-02-06T04:20:18+00:00 CRITICAL Uncaught Error: Call to undefined function elegant_description() in /home2/revaarrf/suvedfoods.com/wp-content/themes/Divi/header.php:6
Stack trace:
#0 /home2/revaarrf/suvedfoods.com/wp-includes/template.php(770): require_once()
#1 /home2/revaarrf/suvedfoods.com/wp-includes/template.php(716): load_template('/home2/revaarrf...', true, Array)
#2 /home2/revaarrf/suvedfoods.com/wp-includes/general-template.php(48): locate_template(Array, true, true, Array)
#3 /home2/revaarrf/suvedfoods.com/wp-content/themes/Divi/404.php(1): get_header()
#4 /home2/revaarrf/suvedfoods.com/wp-includes/template-loader.php(106): include('/home2/revaarrf...')
#5 /home2/revaarrf/suvedfoods.com/wp-blog-header.php(19): require_once('/home2/revaarrf...')
#6 /home2/revaarrf/suvedfoods.com/index.php(17): require('/home2/revaarrf...')
#7 {main}
  thrown in /home2/revaarrf/suvedfoods.com/wp-content/themes/Divi/header.php on line 6

2023-02-06T04:43:10+00:00 CRITICAL Uncaught Error: Call to undefined function elegant_description() in /home2/revaarrf/suvedfoods.com/wp-content/themes/Divi/header.php:6
Stack trace:
#0 /home2/revaarrf/suvedfoods.com/wp-includes/template.php(770): require_once()
#1 /home2/revaarrf/suvedfoods.com/wp-includes/template.php(716): load_template('/home2/revaarrf...', true, Array)
#2 /home2/revaarrf/suvedfoods.com/wp-includes/general-template.php(48): locate_template(Array, true, true, Array)
#3 /home2/revaarrf/suvedfoods.com/wp-content/themes/Divi/404.php(1): get_header()
#4 /home2/revaarrf/suvedfoods.com/wp-includes/template-loader.php(106): include('/home2/revaarrf...')
#5 /home2/revaarrf/suvedfoods.com/wp-blog-header.php(19): require_once('/home2/revaarrf...')
#6 /home2/revaarrf/suvedfoods.com/index.php(17): require('/home2/revaarrf...')
#7 {main}
  thrown in /home2/revaarrf/suvedfoods.com/wp-content/themes/Divi/header.php on line 6

2023-02-06T04:48:26+00:00 CRITICAL Uncaught Error: Call to undefined function elegant_description() in /home2/revaarrf/suvedfoods.com/wp-content/themes/Divi/header.php:6
Stack trace:
#0 /home2/revaarrf/suvedfoods.com/wp-includes/template.php(770): require_once()
#1 /home2/revaarrf/suvedfoods.com/wp-includes/template.php(716): load_template('/home2/revaarrf...', true, Array)
#2 /home2/revaarrf/suvedfoods.com/wp-includes/general-template.php(48): locate_template(Array, true, true, Array)
#3 /home2/revaarrf/suvedfoods.com/wp-content/themes/Divi/404.php(1): get_header()
#4 /home2/revaarrf/suvedfoods.com/wp-includes/template-loader.php(106): include('/home2/revaarrf...')
#5 /home2/revaarrf/suvedfoods.com/wp-blog-header.php(19): require_once('/home2/revaarrf...')
#6 /home2/revaarrf/suvedfoods.com/index.php(17): require('/home2/revaarrf...')
#7 {main}
  thrown in /home2/revaarrf/suvedfoods.com/wp-content/themes/Divi/header.php on line 6

2023-02-06T05:00:37+00:00 CRITICAL Uncaught Error: Call to undefined function elegant_description() in /home2/revaarrf/suvedfoods.com/wp-content/themes/Divi/header.php:6
Stack trace:
#0 /home2/revaarrf/suvedfoods.com/wp-includes/template.php(770): require_once()
#1 /home2/revaarrf/suvedfoods.com/wp-includes/template.php(716): load_template('/home2/revaarrf...', true, Array)
#2 /home2/revaarrf/suvedfoods.com/wp-includes/general-template.php(48): locate_template(Array, true, true, Array)
#3 /home2/revaarrf/suvedfoods.com/wp-content/themes/Divi/404.php(1): get_header()
#4 /home2/revaarrf/suvedfoods.com/wp-includes/template-loader.php(106): include('/home2/revaarrf...')
#5 /home2/revaarrf/suvedfoods.com/wp-blog-header.php(19): require_once('/home2/revaarrf...')
#6 /home2/revaarrf/suvedfoods.com/index.php(17): require('/home2/revaarrf...')
#7 {main}
  thrown in /home2/revaarrf/suvedfoods.com/wp-content/themes/Divi/header.php on line 6

2023-02-06T05:04:29+00:00 CRITICAL Uncaught Error: Call to undefined function elegant_description() in /home2/revaarrf/suvedfoods.com/wp-content/themes/Divi/header.php:6
Stack trace:
#0 /home2/revaarrf/suvedfoods.com/wp-includes/template.php(770): require_once()
#1 /home2/revaarrf/suvedfoods.com/wp-includes/template.php(716): load_template('/home2/revaarrf...', true, Array)
#2 /home2/revaarrf/suvedfoods.com/wp-includes/general-template.php(48): locate_template(Array, true, true, Array)
#3 /home2/revaarrf/suvedfoods.com/wp-content/themes/Divi/404.php(1): get_header()
#4 /home2/revaarrf/suvedfoods.com/wp-includes/template-loader.php(106): include('/home2/revaarrf...')
#5 /home2/revaarrf/suvedfoods.com/wp-blog-header.php(19): require_once('/home2/revaarrf...')
#6 /home2/revaarrf/suvedfoods.com/index.php(17): require('/home2/revaarrf...')
#7 {main}
  thrown in /home2/revaarrf/suvedfoods.com/wp-content/themes/Divi/header.php on line 6

2023-02-06T05:04:38+00:00 CRITICAL Uncaught Error: Call to undefined function elegant_description() in /home2/revaarrf/suvedfoods.com/wp-content/themes/Divi/header.php:6
Stack trace:
#0 /home2/revaarrf/suvedfoods.com/wp-includes/template.php(770): require_once()
#1 /home2/revaarrf/suvedfoods.com/wp-includes/template.php(716): load_template('/home2/revaarrf...', true, Array)
#2 /home2/revaarrf/suvedfoods.com/wp-includes/general-template.php(48): locate_template(Array, true, true, Array)
#3 /home2/revaarrf/suvedfoods.com/wp-content/themes/Divi/single.php(3): get_header()
#4 /home2/revaarrf/suvedfoods.com/wp-includes/template-loader.php(106): include('/home2/revaarrf...')
#5 /home2/revaarrf/suvedfoods.com/wp-blog-header.php(19): require_once('/home2/revaarrf...')
#6 /home2/revaarrf/suvedfoods.com/index.php(17): require('/home2/revaarrf...')
#7 {main}
  thrown in /home2/revaarrf/suvedfoods.com/wp-content/themes/Divi/header.php on line 6

2023-02-06T05:09:10+00:00 CRITICAL Uncaught Error: Call to undefined function elegant_description() in /home2/revaarrf/suvedfoods.com/wp-content/themes/Divi/header.php:6
Stack trace:
#0 /home2/revaarrf/suvedfoods.com/wp-includes/template.php(770): require_once()
#1 /home2/revaarrf/suvedfoods.com/wp-includes/template.php(716): load_template('/home2/revaarrf...', true, Array)
#2 /home2/revaarrf/suvedfoods.com/wp-includes/general-template.php(48): locate_template(Array, true, true, Array)
#3 /home2/revaarrf/suvedfoods.com/wp-content/themes/Divi/404.php(1): get_header()
#4 /home2/revaarrf/suvedfoods.com/wp-includes/template-loader.php(106): include('/home2/revaarrf...')
#5 /home2/revaarrf/suvedfoods.com/wp-blog-header.php(19): require_once('/home2/revaarrf...')
#6 /home2/revaarrf/suvedfoods.com/index.php(17): require('/home2/revaarrf...')
#7 {main}
  thrown in /home2/revaarrf/suvedfoods.com/wp-content/themes/Divi/header.php on line 6

2023-02-06T05:10:14+00:00 CRITICAL Uncaught Error: Call to undefined function elegant_description() in /home2/revaarrf/suvedfoods.com/wp-content/themes/Divi/header.php:6
Stack trace:
#0 /home2/revaarrf/suvedfoods.com/wp-includes/template.php(770): require_once()
#1 /home2/revaarrf/suvedfoods.com/wp-includes/template.php(716): load_template('/home2/revaarrf...', true, Array)
#2 /home2/revaarrf/suvedfoods.com/wp-includes/general-template.php(48): locate_template(Array, true, true, Array)
#3 /home2/revaarrf/suvedfoods.com/wp-content/themes/Divi/404.php(1): get_header()
#4 /home2/revaarrf/suvedfoods.com/wp-includes/template-loader.php(106): include('/home2/revaarrf...')
#5 /home2/revaarrf/suvedfoods.com/wp-blog-header.php(19): require_once('/home2/revaarrf...')
#6 /home2/revaarrf/suvedfoods.com/index.php(17): require('/home2/revaarrf...')
#7 {main}
  thrown in /home2/revaarrf/suvedfoods.com/wp-content/themes/Divi/header.php on line 6

2023-02-06T05:16:53+00:00 CRITICAL Uncaught Error: Call to undefined function elegant_description() in /home2/revaarrf/suvedfoods.com/wp-content/themes/Divi/header.php:6
Stack trace:
#0 /home2/revaarrf/suvedfoods.com/wp-includes/template.php(770): require_once()
#1 /home2/revaarrf/suvedfoods.com/wp-includes/template.php(716): load_template('/home2/revaarrf...', true, Array)
#2 /home2/revaarrf/suvedfoods.com/wp-includes/general-template.php(48): locate_template(Array, true, true, Array)
#3 /home2/revaarrf/suvedfoods.com/wp-content/themes/Divi/404.php(1): get_header()
#4 /home2/revaarrf/suvedfoods.com/wp-includes/template-loader.php(106): include('/home2/revaarrf...')
#5 /home2/revaarrf/suvedfoods.com/wp-blog-header.php(19): require_once('/home2/revaarrf...')
#6 /home2/revaarrf/suvedfoods.com/index.php(17): require('/home2/revaarrf...')
#7 {main}
  thrown in /home2/revaarrf/suvedfoods.com/wp-content/themes/Divi/header.php on line 6

2023-02-06T05:17:47+00:00 CRITICAL Uncaught Error: Call to undefined function elegant_description() in /home2/revaarrf/suvedfoods.com/wp-content/themes/Divi/header.php:6
Stack trace:
#0 /home2/revaarrf/suvedfoods.com/wp-includes/template.php(770): require_once()
#1 /home2/revaarrf/suvedfoods.com/wp-includes/template.php(716): load_template('/home2/revaarrf...', true, Array)
#2 /home2/revaarrf/suvedfoods.com/wp-includes/general-template.php(48): locate_template(Array, true, true, Array)
#3 /home2/revaarrf/suvedfoods.com/wp-content/themes/Divi/404.php(1): get_header()
#4 /home2/revaarrf/suvedfoods.com/wp-includes/template-loader.php(106): include('/home2/revaarrf...')
#5 /home2/revaarrf/suvedfoods.com/wp-blog-header.php(19): require_once('/home2/revaarrf...')
#6 /home2/revaarrf/suvedfoods.com/index.php(17): require('/home2/revaarrf...')
#7 {main}
  thrown in /home2/revaarrf/suvedfoods.com/wp-content/themes/Divi/header.php on line 6

2023-02-06T05:22:50+00:00 CRITICAL Uncaught Error: Call to undefined function elegant_description() in /home2/revaarrf/suvedfoods.com/wp-content/themes/Divi/header.php:6
Stack trace:
#0 /home2/revaarrf/suvedfoods.com/wp-includes/template.php(770): require_once()
#1 /home2/revaarrf/suvedfoods.com/wp-includes/template.php(716): load_template('/home2/revaarrf...', true, Array)
#2 /home2/revaarrf/suvedfoods.com/wp-includes/general-template.php(48): locate_template(Array, true, true, Array)
#3 /home2/revaarrf/suvedfoods.com/wp-content/themes/Divi/404.php(1): get_header()
#4 /home2/revaarrf/suvedfoods.com/wp-includes/template-loader.php(106): include('/home2/revaarrf...')
#5 /home2/revaarrf/suvedfoods.com/wp-blog-header.php(19): require_once('/home2/revaarrf...')
#6 /home2/revaarrf/suvedfoods.com/index.php(17): require('/home2/revaarrf...')
#7 {main}
  thrown in /home2/revaarrf/suvedfoods.com/wp-content/themes/Divi/header.php on line 6

2023-02-06T05:24:12+00:00 CRITICAL Uncaught Error: Call to undefined function elegant_description() in /home2/revaarrf/suvedfoods.com/wp-content/themes/Divi/header.php:6
Stack trace:
#0 /home2/revaarrf/suvedfoods.com/wp-includes/template.php(770): require_once()
#1 /home2/revaarrf/suvedfoods.com/wp-includes/template.php(716): load_template('/home2/revaarrf...', true, Array)
#2 /home2/revaarrf/suvedfoods.com/wp-includes/general-template.php(48): locate_template(Array, true, true, Array)
#3 /home2/revaarrf/suvedfoods.com/wp-content/themes/Divi/404.php(1): get_header()
#4 /home2/revaarrf/suvedfoods.com/wp-includes/template-loader.php(106): include('/home2/revaarrf...')
#5 /home2/revaarrf/suvedfoods.com/wp-blog-header.php(19): require_once('/home2/revaarrf...')
#6 /home2/revaarrf/suvedfoods.com/index.php(17): require('/home2/revaarrf...')
#7 {main}
  thrown in /home2/revaarrf/suvedfoods.com/wp-content/themes/Divi/header.php on line 6

2023-02-06T05:45:31+00:00 CRITICAL Uncaught Error: Call to undefined function elegant_description() in /home2/revaarrf/suvedfoods.com/wp-content/themes/Divi/header.php:6
Stack trace:
#0 /home2/revaarrf/suvedfoods.com/wp-includes/template.php(770): require_once()
#1 /home2/revaarrf/suvedfoods.com/wp-includes/template.php(716): load_template('/home2/revaarrf...', true, Array)
#2 /home2/revaarrf/suvedfoods.com/wp-includes/general-template.php(48): locate_template(Array, true, true, Array)
#3 /home2/revaarrf/suvedfoods.com/wp-content/themes/Divi/404.php(1): get_header()
#4 /home2/revaarrf/suvedfoods.com/wp-includes/template-loader.php(106): include('/home2/revaarrf...')
#5 /home2/revaarrf/suvedfoods.com/wp-blog-header.php(19): require_once('/home2/revaarrf...')
#6 /home2/revaarrf/suvedfoods.com/index.php(17): require('/home2/revaarrf...')
#7 {main}
  thrown in /home2/revaarrf/suvedfoods.com/wp-content/themes/Divi/header.php on line 6

2023-02-06T05:47:47+00:00 CRITICAL Uncaught Error: Call to undefined function elegant_description() in /home2/revaarrf/suvedfoods.com/wp-content/themes/Divi/header.php:6
Stack trace:
#0 /home2/revaarrf/suvedfoods.com/wp-includes/template.php(770): require_once()
#1 /home2/revaarrf/suvedfoods.com/wp-includes/template.php(716): load_template('/home2/revaarrf...', true, Array)
#2 /home2/revaarrf/suvedfoods.com/wp-includes/general-template.php(48): locate_template(Array, true, true, Array)
#3 /home2/revaarrf/suvedfoods.com/wp-content/themes/Divi/404.php(1): get_header()
#4 /home2/revaarrf/suvedfoods.com/wp-includes/template-loader.php(106): include('/home2/revaarrf...')
#5 /home2/revaarrf/suvedfoods.com/wp-blog-header.php(19): require_once('/home2/revaarrf...')
#6 /home2/revaarrf/suvedfoods.com/index.php(17): require('/home2/revaarrf...')
#7 {main}
  thrown in /home2/revaarrf/suvedfoods.com/wp-content/themes/Divi/header.php on line 6

2023-02-06T05:48:30+00:00 CRITICAL Uncaught Error: Call to undefined function elegant_description() in /home2/revaarrf/suvedfoods.com/wp-content/themes/Divi/header.php:6
Stack trace:
#0 /home2/revaarrf/suvedfoods.com/wp-includes/template.php(770): require_once()
#1 /home2/revaarrf/suvedfoods.com/wp-includes/template.php(716): load_template('/home2/revaarrf...', true, Array)
#2 /home2/revaarrf/suvedfoods.com/wp-includes/general-template.php(48): locate_template(Array, true, true, Array)
#3 /home2/revaarrf/suvedfoods.com/wp-content/themes/Divi/404.php(1): get_header()
#4 /home2/revaarrf/suvedfoods.com/wp-includes/template-loader.php(106): include('/home2/revaarrf...')
#5 /home2/revaarrf/suvedfoods.com/wp-blog-header.php(19): require_once('/home2/revaarrf...')
#6 /home2/revaarrf/suvedfoods.com/index.php(17): require('/home2/revaarrf...')
#7 {main}
  thrown in /home2/revaarrf/suvedfoods.com/wp-content/themes/Divi/header.php on line 6

2023-02-06T05:53:33+00:00 CRITICAL Uncaught Error: Call to undefined function elegant_description() in /home2/revaarrf/suvedfoods.com/wp-content/themes/Divi/header.php:6
Stack trace:
#0 /home2/revaarrf/suvedfoods.com/wp-includes/template.php(770): require_once()
#1 /home2/revaarrf/suvedfoods.com/wp-includes/template.php(716): load_template('/home2/revaarrf...', true, Array)
#2 /home2/revaarrf/suvedfoods.com/wp-includes/general-template.php(48): locate_template(Array, true, true, Array)
#3 /home2/revaarrf/suvedfoods.com/wp-content/themes/Divi/404.php(1): get_header()
#4 /home2/revaarrf/suvedfoods.com/wp-includes/template-loader.php(106): include('/home2/revaarrf...')
#5 /home2/revaarrf/suvedfoods.com/wp-blog-header.php(19): require_once('/home2/revaarrf...')
#6 /home2/revaarrf/suvedfoods.com/index.php(17): require('/home2/revaarrf...')
#7 {main}
  thrown in /home2/revaarrf/suvedfoods.com/wp-content/themes/Divi/header.php on line 6

2023-02-06T05:55:41+00:00 CRITICAL Uncaught Error: Call to undefined function elegant_description() in /home2/revaarrf/suvedfoods.com/wp-content/themes/Divi/header.php:6
Stack trace:
#0 /home2/revaarrf/suvedfoods.com/wp-includes/template.php(770): require_once()
#1 /home2/revaarrf/suvedfoods.com/wp-includes/template.php(716): load_template('/home2/revaarrf...', true, Array)
#2 /home2/revaarrf/suvedfoods.com/wp-includes/general-template.php(48): locate_template(Array, true, true, Array)
#3 /home2/revaarrf/suvedfoods.com/wp-content/themes/Divi/404.php(1): get_header()
#4 /home2/revaarrf/suvedfoods.com/wp-includes/template-loader.php(106): include('/home2/revaarrf...')
#5 /home2/revaarrf/suvedfoods.com/wp-blog-header.php(19): require_once('/home2/revaarrf...')
#6 /home2/revaarrf/suvedfoods.com/index.php(17): require('/home2/revaarrf...')
#7 {main}
  thrown in /home2/revaarrf/suvedfoods.com/wp-content/themes/Divi/header.php on line 6

2023-02-06T05:59:28+00:00 CRITICAL Uncaught Error: Call to undefined function elegant_description() in /home2/revaarrf/suvedfoods.com/wp-content/themes/Divi/header.php:6
Stack trace:
#0 /home2/revaarrf/suvedfoods.com/wp-includes/template.php(770): require_once()
#1 /home2/revaarrf/suvedfoods.com/wp-includes/template.php(716): load_template('/home2/revaarrf...', true, Array)
#2 /home2/revaarrf/suvedfoods.com/wp-includes/general-template.php(48): locate_template(Array, true, true, Array)
#3 /home2/revaarrf/suvedfoods.com/wp-content/themes/Divi/404.php(1): get_header()
#4 /home2/revaarrf/suvedfoods.com/wp-includes/template-loader.php(106): include('/home2/revaarrf...')
#5 /home2/revaarrf/suvedfoods.com/wp-blog-header.php(19): require_once('/home2/revaarrf...')
#6 /home2/revaarrf/suvedfoods.com/index.php(17): require('/home2/revaarrf...')
#7 {main}
  thrown in /home2/revaarrf/suvedfoods.com/wp-content/themes/Divi/header.php on line 6

2023-02-06T06:04:09+00:00 CRITICAL Uncaught Error: Call to undefined function elegant_description() in /home2/revaarrf/suvedfoods.com/wp-content/themes/Divi/header.php:6
Stack trace:
#0 /home2/revaarrf/suvedfoods.com/wp-includes/template.php(770): require_once()
#1 /home2/revaarrf/suvedfoods.com/wp-includes/template.php(716): load_template('/home2/revaarrf...', true, Array)
#2 /home2/revaarrf/suvedfoods.com/wp-includes/general-template.php(48): locate_template(Array, true, true, Array)
#3 /home2/revaarrf/suvedfoods.com/wp-content/themes/Divi/404.php(1): get_header()
#4 /home2/revaarrf/suvedfoods.com/wp-includes/template-loader.php(106): include('/home2/revaarrf...')
#5 /home2/revaarrf/suvedfoods.com/wp-blog-header.php(19): require_once('/home2/revaarrf...')
#6 /home2/revaarrf/suvedfoods.com/index.php(17): require('/home2/revaarrf...')
#7 {main}
  thrown in /home2/revaarrf/suvedfoods.com/wp-content/themes/Divi/header.php on line 6

2023-02-06T06:13:53+00:00 CRITICAL Uncaught Error: Call to undefined function elegant_description() in /home2/revaarrf/suvedfoods.com/wp-content/themes/Divi/header.php:6
Stack trace:
#0 /home2/revaarrf/suvedfoods.com/wp-includes/template.php(770): require_once()
#1 /home2/revaarrf/suvedfoods.com/wp-includes/template.php(716): load_template('/home2/revaarrf...', true, Array)
#2 /home2/revaarrf/suvedfoods.com/wp-includes/general-template.php(48): locate_template(Array, true, true, Array)
#3 /home2/revaarrf/suvedfoods.com/wp-content/themes/Divi/page.php(3): get_header()
#4 /home2/revaarrf/suvedfoods.com/wp-includes/template-loader.php(106): include('/home2/revaarrf...')
#5 /home2/revaarrf/suvedfoods.com/wp-blog-header.php(19): require_once('/home2/revaarrf...')
#6 /home2/revaarrf/suvedfoods.com/index.php(17): require('/home2/revaarrf...')
#7 {main}
  thrown in /home2/revaarrf/suvedfoods.com/wp-content/themes/Divi/header.php on line 6

2023-02-06T06:14:16+00:00 CRITICAL Uncaught Error: Call to undefined function elegant_description() in /home2/revaarrf/suvedfoods.com/wp-content/themes/Divi/header.php:6
Stack trace:
#0 /home2/revaarrf/suvedfoods.com/wp-includes/template.php(770): require_once()
#1 /home2/revaarrf/suvedfoods.com/wp-includes/template.php(716): load_template('/home2/revaarrf...', true, Array)
#2 /home2/revaarrf/suvedfoods.com/wp-includes/general-template.php(48): locate_template(Array, true, true, Array)
#3 /home2/revaarrf/suvedfoods.com/wp-content/themes/Divi/page.php(3): get_header()
#4 /home2/revaarrf/suvedfoods.com/wp-includes/template-loader.php(106): include('/home2/revaarrf...')
#5 /home2/revaarrf/suvedfoods.com/wp-blog-header.php(19): require_once('/home2/revaarrf...')
#6 /home2/revaarrf/suvedfoods.com/index.php(17): require('/home2/revaarrf...')
#7 {main}
  thrown in /home2/revaarrf/suvedfoods.com/wp-content/themes/Divi/header.php on line 6

2023-02-06T06:14:22+00:00 CRITICAL Uncaught Error: Call to undefined function elegant_description() in /home2/revaarrf/suvedfoods.com/wp-content/themes/Divi/header.php:6
Stack trace:
#0 /home2/revaarrf/suvedfoods.com/wp-includes/template.php(770): require_once()
#1 /home2/revaarrf/suvedfoods.com/wp-includes/template.php(716): load_template('/home2/revaarrf...', true, Array)
#2 /home2/revaarrf/suvedfoods.com/wp-includes/general-template.php(48): locate_template(Array, true, true, Array)
#3 /home2/revaarrf/suvedfoods.com/wp-content/themes/Divi/404.php(1): get_header()
#4 /home2/revaarrf/suvedfoods.com/wp-includes/template-loader.php(106): include('/home2/revaarrf...')
#5 /home2/revaarrf/suvedfoods.com/wp-blog-header.php(19): require_once('/home2/revaarrf...')
#6 /home2/revaarrf/suvedfoods.com/index.php(17): require('/home2/revaarrf...')
#7 {main}
  thrown in /home2/revaarrf/suvedfoods.com/wp-content/themes/Divi/header.php on line 6

2023-02-06T06:15:38+00:00 CRITICAL Uncaught Error: Call to undefined function elegant_description() in /home2/revaarrf/suvedfoods.com/wp-content/themes/Divi/header.php:6
Stack trace:
#0 /home2/revaarrf/suvedfoods.com/wp-includes/template.php(770): require_once()
#1 /home2/revaarrf/suvedfoods.com/wp-includes/template.php(716): load_template('/home2/revaarrf...', true, Array)
#2 /home2/revaarrf/suvedfoods.com/wp-includes/general-template.php(48): locate_template(Array, true, true, Array)
#3 /home2/revaarrf/suvedfoods.com/wp-content/themes/Divi/page.php(3): get_header()
#4 /home2/revaarrf/suvedfoods.com/wp-includes/template-loader.php(106): include('/home2/revaarrf...')
#5 /home2/revaarrf/suvedfoods.com/wp-blog-header.php(19): require_once('/home2/revaarrf...')
#6 /home2/revaarrf/suvedfoods.com/index.php(17): require('/home2/revaarrf...')
#7 {main}
  thrown in /home2/revaarrf/suvedfoods.com/wp-content/themes/Divi/header.php on line 6

2023-02-06T06:15:45+00:00 CRITICAL Uncaught Error: Call to undefined function elegant_description() in /home2/revaarrf/suvedfoods.com/wp-content/themes/Divi/header.php:6
Stack trace:
#0 /home2/revaarrf/suvedfoods.com/wp-includes/template.php(770): require_once()
#1 /home2/revaarrf/suvedfoods.com/wp-includes/template.php(716): load_template('/home2/revaarrf...', true, Array)
#2 /home2/revaarrf/suvedfoods.com/wp-includes/general-template.php(48): locate_template(Array, true, true, Array)
#3 /home2/revaarrf/suvedfoods.com/wp-content/themes/Divi/page.php(3): get_header()
#4 /home2/revaarrf/suvedfoods.com/wp-includes/template-loader.php(106): include('/home2/revaarrf...')
#5 /home2/revaarrf/suvedfoods.com/wp-blog-header.php(19): require_once('/home2/revaarrf...')
#6 /home2/revaarrf/suvedfoods.com/index.php(17): require('/home2/revaarrf...')
#7 {main}
  thrown in /home2/revaarrf/suvedfoods.com/wp-content/themes/Divi/header.php on line 6

2023-02-06T06:16:02+00:00 CRITICAL Uncaught Error: Call to undefined function elegant_description() in /home2/revaarrf/suvedfoods.com/wp-content/themes/Divi/header.php:6
Stack trace:
#0 /home2/revaarrf/suvedfoods.com/wp-includes/template.php(770): require_once()
#1 /home2/revaarrf/suvedfoods.com/wp-includes/template.php(716): load_template('/home2/revaarrf...', true, Array)
#2 /home2/revaarrf/suvedfoods.com/wp-includes/general-template.php(48): locate_template(Array, true, true, Array)
#3 /home2/revaarrf/suvedfoods.com/wp-content/themes/Divi/404.php(1): get_header()
#4 /home2/revaarrf/suvedfoods.com/wp-includes/template-loader.php(106): include('/home2/revaarrf...')
#5 /home2/revaarrf/suvedfoods.com/wp-blog-header.php(19): require_once('/home2/revaarrf...')
#6 /home2/revaarrf/suvedfoods.com/index.php(17): require('/home2/revaarrf...')
#7 {main}
  thrown in /home2/revaarrf/suvedfoods.com/wp-content/themes/Divi/header.php on line 6

2023-02-06T06:16:23+00:00 CRITICAL Uncaught Error: Call to undefined function elegant_description() in /home2/revaarrf/suvedfoods.com/wp-content/themes/Divi/header.php:6
Stack trace:
#0 /home2/revaarrf/suvedfoods.com/wp-includes/template.php(770): require_once()
#1 /home2/revaarrf/suvedfoods.com/wp-includes/template.php(716): load_template('/home2/revaarrf...', true, Array)
#2 /home2/revaarrf/suvedfoods.com/wp-includes/general-template.php(48): locate_template(Array, true, true, Array)
#3 /home2/revaarrf/suvedfoods.com/wp-content/themes/Divi/404.php(1): get_header()
#4 /home2/revaarrf/suvedfoods.com/wp-includes/template-loader.php(106): include('/home2/revaarrf...')
#5 /home2/revaarrf/suvedfoods.com/wp-blog-header.php(19): require_once('/home2/revaarrf...')
#6 /home2/revaarrf/suvedfoods.com/index.php(17): require('/home2/revaarrf...')
#7 {main}
  thrown in /home2/revaarrf/suvedfoods.com/wp-content/themes/Divi/header.php on line 6

2023-02-06T06:20:49+00:00 CRITICAL Uncaught Error: Call to undefined function elegant_description() in /home2/revaarrf/suvedfoods.com/wp-content/themes/Divi/header.php:6
Stack trace:
#0 /home2/revaarrf/suvedfoods.com/wp-includes/template.php(770): require_once()
#1 /home2/revaarrf/suvedfoods.com/wp-includes/template.php(716): load_template('/home2/revaarrf...', true, Array)
#2 /home2/revaarrf/suvedfoods.com/wp-includes/general-template.php(48): locate_template(Array, true, true, Array)
#3 /home2/revaarrf/suvedfoods.com/wp-content/themes/Divi/404.php(1): get_header()
#4 /home2/revaarrf/suvedfoods.com/wp-includes/template-loader.php(106): include('/home2/revaarrf...')
#5 /home2/revaarrf/suvedfoods.com/wp-blog-header.php(19): require_once('/home2/revaarrf...')
#6 /home2/revaarrf/suvedfoods.com/index.php(17): require('/home2/revaarrf...')
#7 {main}
  thrown in /home2/revaarrf/suvedfoods.com/wp-content/themes/Divi/header.php on line 6

2023-02-06T06:22:14+00:00 CRITICAL Uncaught Error: Call to undefined function elegant_description() in /home2/revaarrf/suvedfoods.com/wp-content/themes/Divi/header.php:6
Stack trace:
#0 /home2/revaarrf/suvedfoods.com/wp-includes/template.php(770): require_once()
#1 /home2/revaarrf/suvedfoods.com/wp-includes/template.php(716): load_template('/home2/revaarrf...', true, Array)
#2 /home2/revaarrf/suvedfoods.com/wp-includes/general-template.php(48): locate_template(Array, true, true, Array)
#3 /home2/revaarrf/suvedfoods.com/wp-content/themes/Divi/page.php(3): get_header()
#4 /home2/revaarrf/suvedfoods.com/wp-includes/template-loader.php(106): include('/home2/revaarrf...')
#5 /home2/revaarrf/suvedfoods.com/wp-blog-header.php(19): require_once('/home2/revaarrf...')
#6 /home2/revaarrf/suvedfoods.com/index.php(17): require('/home2/revaarrf...')
#7 {main}
  thrown in /home2/revaarrf/suvedfoods.com/wp-content/themes/Divi/header.php on line 6

2023-02-06T06:30:36+00:00 CRITICAL Uncaught Error: Call to undefined function elegant_description() in /home2/revaarrf/suvedfoods.com/wp-content/themes/Divi/header.php:6
Stack trace:
#0 /home2/revaarrf/suvedfoods.com/wp-includes/template.php(770): require_once()
#1 /home2/revaarrf/suvedfoods.com/wp-includes/template.php(716): load_template('/home2/revaarrf...', true, Array)
#2 /home2/revaarrf/suvedfoods.com/wp-includes/general-template.php(48): locate_template(Array, true, true, Array)
#3 /home2/revaarrf/suvedfoods.com/wp-content/themes/Divi/404.php(1): get_header()
#4 /home2/revaarrf/suvedfoods.com/wp-includes/template-loader.php(106): include('/home2/revaarrf...')
#5 /home2/revaarrf/suvedfoods.com/wp-blog-header.php(19): require_once('/home2/revaarrf...')
#6 /home2/revaarrf/suvedfoods.com/index.php(17): require('/home2/revaarrf...')
#7 {main}
  thrown in /home2/revaarrf/suvedfoods.com/wp-content/themes/Divi/header.php on line 6

2023-02-06T06:32:01+00:00 CRITICAL Uncaught Error: Call to undefined function elegant_description() in /home2/revaarrf/suvedfoods.com/wp-content/themes/Divi/header.php:6
Stack trace:
#0 /home2/revaarrf/suvedfoods.com/wp-includes/template.php(770): require_once()
#1 /home2/revaarrf/suvedfoods.com/wp-includes/template.php(716): load_template('/home2/revaarrf...', true, Array)
#2 /home2/revaarrf/suvedfoods.com/wp-includes/general-template.php(48): locate_template(Array, true, true, Array)
#3 /home2/revaarrf/suvedfoods.com/wp-content/themes/Divi/page.php(3): get_header()
#4 /home2/revaarrf/suvedfoods.com/wp-includes/template-loader.php(106): include('/home2/revaarrf...')
#5 /home2/revaarrf/suvedfoods.com/wp-blog-header.php(19): require_once('/home2/revaarrf...')
#6 /home2/revaarrf/suvedfoods.com/index.php(17): require('/home2/revaarrf...')
#7 {main}
  thrown in /home2/revaarrf/suvedfoods.com/wp-content/themes/Divi/header.php on line 6

