2023-02-03T18:35:12+00:00 CRITICAL Uncaught Error: Call to undefined function elegant_description() in /home2/revaarrf/suvedfoods.com/wp-content/themes/Divi/header.php:6
Stack trace:
#0 /home2/revaarrf/suvedfoods.com/wp-includes/template.php(770): require_once()
#1 /home2/revaarrf/suvedfoods.com/wp-includes/template.php(716): load_template('/home2/revaarrf...', true, Array)
#2 /home2/revaarrf/suvedfoods.com/wp-includes/general-template.php(48): locate_template(Array, true, true, Array)
#3 /home2/revaarrf/suvedfoods.com/wp-content/themes/Divi/page.php(3): get_header()
#4 /home2/revaarrf/suvedfoods.com/wp-includes/template-loader.php(106): include('/home2/revaarrf...')
#5 /home2/revaarrf/suvedfoods.com/wp-blog-header.php(19): require_once('/home2/revaarrf...')
#6 /home2/revaarrf/suvedfoods.com/index.php(17): require('/home2/revaarrf...')
#7 {main}
  thrown in /home2/revaarrf/suvedfoods.com/wp-content/themes/Divi/header.php on line 6

2023-02-03T18:35:37+00:00 CRITICAL Uncaught Error: Call to undefined function elegant_description() in /home2/revaarrf/suvedfoods.com/wp-content/themes/Divi/header.php:6
Stack trace:
#0 /home2/revaarrf/suvedfoods.com/wp-includes/template.php(770): require_once()
#1 /home2/revaarrf/suvedfoods.com/wp-includes/template.php(716): load_template('/home2/revaarrf...', true, Array)
#2 /home2/revaarrf/suvedfoods.com/wp-includes/general-template.php(48): locate_template(Array, true, true, Array)
#3 /home2/revaarrf/suvedfoods.com/wp-content/themes/Divi/page.php(3): get_header()
#4 /home2/revaarrf/suvedfoods.com/wp-includes/template-loader.php(106): include('/home2/revaarrf...')
#5 /home2/revaarrf/suvedfoods.com/wp-blog-header.php(19): require_once('/home2/revaarrf...')
#6 /home2/revaarrf/suvedfoods.com/index.php(17): require('/home2/revaarrf...')
#7 {main}
  thrown in /home2/revaarrf/suvedfoods.com/wp-content/themes/Divi/header.php on line 6

2023-02-03T18:35:58+00:00 CRITICAL Uncaught Error: Call to undefined function elegant_description() in /home2/revaarrf/suvedfoods.com/wp-content/themes/Divi/header.php:6
Stack trace:
#0 /home2/revaarrf/suvedfoods.com/wp-includes/template.php(770): require_once()
#1 /home2/revaarrf/suvedfoods.com/wp-includes/template.php(716): load_template('/home2/revaarrf...', true, Array)
#2 /home2/revaarrf/suvedfoods.com/wp-includes/general-template.php(48): locate_template(Array, true, true, Array)
#3 /home2/revaarrf/suvedfoods.com/wp-content/themes/Divi/page.php(3): get_header()
#4 /home2/revaarrf/suvedfoods.com/wp-includes/template-loader.php(106): include('/home2/revaarrf...')
#5 /home2/revaarrf/suvedfoods.com/wp-blog-header.php(19): require_once('/home2/revaarrf...')
#6 /home2/revaarrf/suvedfoods.com/index.php(17): require('/home2/revaarrf...')
#7 {main}
  thrown in /home2/revaarrf/suvedfoods.com/wp-content/themes/Divi/header.php on line 6

2023-02-03T18:36:24+00:00 CRITICAL Uncaught Error: Call to undefined function elegant_description() in /home2/revaarrf/suvedfoods.com/wp-content/themes/Divi/header.php:6
Stack trace:
#0 /home2/revaarrf/suvedfoods.com/wp-includes/template.php(770): require_once()
#1 /home2/revaarrf/suvedfoods.com/wp-includes/template.php(716): load_template('/home2/revaarrf...', true, Array)
#2 /home2/revaarrf/suvedfoods.com/wp-includes/general-template.php(48): locate_template(Array, true, true, Array)
#3 /home2/revaarrf/suvedfoods.com/wp-content/themes/Divi/page.php(3): get_header()
#4 /home2/revaarrf/suvedfoods.com/wp-includes/template-loader.php(106): include('/home2/revaarrf...')
#5 /home2/revaarrf/suvedfoods.com/wp-blog-header.php(19): require_once('/home2/revaarrf...')
#6 /home2/revaarrf/suvedfoods.com/index.php(17): require('/home2/revaarrf...')
#7 {main}
  thrown in /home2/revaarrf/suvedfoods.com/wp-content/themes/Divi/header.php on line 6

2023-02-03T18:36:37+00:00 CRITICAL Uncaught Error: Call to undefined function elegant_description() in /home2/revaarrf/suvedfoods.com/wp-content/themes/Divi/header.php:6
Stack trace:
#0 /home2/revaarrf/suvedfoods.com/wp-includes/template.php(770): require_once()
#1 /home2/revaarrf/suvedfoods.com/wp-includes/template.php(716): load_template('/home2/revaarrf...', true, Array)
#2 /home2/revaarrf/suvedfoods.com/wp-includes/general-template.php(48): locate_template(Array, true, true, Array)
#3 /home2/revaarrf/suvedfoods.com/wp-content/themes/Divi/404.php(1): get_header()
#4 /home2/revaarrf/suvedfoods.com/wp-includes/template-loader.php(106): include('/home2/revaarrf...')
#5 /home2/revaarrf/suvedfoods.com/wp-blog-header.php(19): require_once('/home2/revaarrf...')
#6 /home2/revaarrf/suvedfoods.com/index.php(17): require('/home2/revaarrf...')
#7 {main}
  thrown in /home2/revaarrf/suvedfoods.com/wp-content/themes/Divi/header.php on line 6

2023-02-03T18:36:58+00:00 CRITICAL Uncaught Error: Call to undefined function elegant_description() in /home2/revaarrf/suvedfoods.com/wp-content/themes/Divi/header.php:6
Stack trace:
#0 /home2/revaarrf/suvedfoods.com/wp-includes/template.php(770): require_once()
#1 /home2/revaarrf/suvedfoods.com/wp-includes/template.php(716): load_template('/home2/revaarrf...', true, Array)
#2 /home2/revaarrf/suvedfoods.com/wp-includes/general-template.php(48): locate_template(Array, true, true, Array)
#3 /home2/revaarrf/suvedfoods.com/wp-content/themes/Divi/page.php(3): get_header()
#4 /home2/revaarrf/suvedfoods.com/wp-includes/template-loader.php(106): include('/home2/revaarrf...')
#5 /home2/revaarrf/suvedfoods.com/wp-blog-header.php(19): require_once('/home2/revaarrf...')
#6 /home2/revaarrf/suvedfoods.com/index.php(17): require('/home2/revaarrf...')
#7 {main}
  thrown in /home2/revaarrf/suvedfoods.com/wp-content/themes/Divi/header.php on line 6

2023-02-03T18:37:07+00:00 CRITICAL Uncaught Error: Call to undefined function elegant_description() in /home2/revaarrf/suvedfoods.com/wp-content/themes/Divi/header.php:6
Stack trace:
#0 /home2/revaarrf/suvedfoods.com/wp-includes/template.php(770): require_once()
#1 /home2/revaarrf/suvedfoods.com/wp-includes/template.php(716): load_template('/home2/revaarrf...', true, Array)
#2 /home2/revaarrf/suvedfoods.com/wp-includes/general-template.php(48): locate_template(Array, true, true, Array)
#3 /home2/revaarrf/suvedfoods.com/wp-content/themes/Divi/404.php(1): get_header()
#4 /home2/revaarrf/suvedfoods.com/wp-includes/template-loader.php(106): include('/home2/revaarrf...')
#5 /home2/revaarrf/suvedfoods.com/wp-blog-header.php(19): require_once('/home2/revaarrf...')
#6 /home2/revaarrf/suvedfoods.com/index.php(17): require('/home2/revaarrf...')
#7 {main}
  thrown in /home2/revaarrf/suvedfoods.com/wp-content/themes/Divi/header.php on line 6

2023-02-03T18:44:29+00:00 CRITICAL Uncaught Error: Call to undefined function elegant_description() in /home2/revaarrf/suvedfoods.com/wp-content/themes/Divi/header.php:6
Stack trace:
#0 /home2/revaarrf/suvedfoods.com/wp-includes/template.php(770): require_once()
#1 /home2/revaarrf/suvedfoods.com/wp-includes/template.php(716): load_template('/home2/revaarrf...', true, Array)
#2 /home2/revaarrf/suvedfoods.com/wp-includes/general-template.php(48): locate_template(Array, true, true, Array)
#3 /home2/revaarrf/suvedfoods.com/wp-content/themes/Divi/404.php(1): get_header()
#4 /home2/revaarrf/suvedfoods.com/wp-includes/template-loader.php(106): include('/home2/revaarrf...')
#5 /home2/revaarrf/suvedfoods.com/wp-blog-header.php(19): require_once('/home2/revaarrf...')
#6 /home2/revaarrf/suvedfoods.com/index.php(17): require('/home2/revaarrf...')
#7 {main}
  thrown in /home2/revaarrf/suvedfoods.com/wp-content/themes/Divi/header.php on line 6

2023-02-03T18:57:58+00:00 CRITICAL Uncaught Error: Call to undefined function elegant_description() in /home2/revaarrf/suvedfoods.com/wp-content/themes/Divi/header.php:6
Stack trace:
#0 /home2/revaarrf/suvedfoods.com/wp-includes/template.php(770): require_once()
#1 /home2/revaarrf/suvedfoods.com/wp-includes/template.php(716): load_template('/home2/revaarrf...', true, Array)
#2 /home2/revaarrf/suvedfoods.com/wp-includes/general-template.php(48): locate_template(Array, true, true, Array)
#3 /home2/revaarrf/suvedfoods.com/wp-content/themes/Divi/404.php(1): get_header()
#4 /home2/revaarrf/suvedfoods.com/wp-includes/template-loader.php(106): include('/home2/revaarrf...')
#5 /home2/revaarrf/suvedfoods.com/wp-blog-header.php(19): require_once('/home2/revaarrf...')
#6 /home2/revaarrf/suvedfoods.com/index.php(17): require('/home2/revaarrf...')
#7 {main}
  thrown in /home2/revaarrf/suvedfoods.com/wp-content/themes/Divi/header.php on line 6

2023-02-03T19:03:32+00:00 CRITICAL Uncaught Error: Call to undefined function elegant_description() in /home2/revaarrf/suvedfoods.com/wp-content/themes/Divi/header.php:6
Stack trace:
#0 /home2/revaarrf/suvedfoods.com/wp-includes/template.php(770): require_once()
#1 /home2/revaarrf/suvedfoods.com/wp-includes/template.php(716): load_template('/home2/revaarrf...', true, Array)
#2 /home2/revaarrf/suvedfoods.com/wp-includes/general-template.php(48): locate_template(Array, true, true, Array)
#3 /home2/revaarrf/suvedfoods.com/wp-content/themes/Divi/404.php(1): get_header()
#4 /home2/revaarrf/suvedfoods.com/wp-includes/template-loader.php(106): include('/home2/revaarrf...')
#5 /home2/revaarrf/suvedfoods.com/wp-blog-header.php(19): require_once('/home2/revaarrf...')
#6 /home2/revaarrf/suvedfoods.com/index.php(17): require('/home2/revaarrf...')
#7 {main}
  thrown in /home2/revaarrf/suvedfoods.com/wp-content/themes/Divi/header.php on line 6

2023-02-03T19:15:08+00:00 CRITICAL Uncaught Error: Call to undefined function elegant_description() in /home2/revaarrf/suvedfoods.com/wp-content/themes/Divi/header.php:6
Stack trace:
#0 /home2/revaarrf/suvedfoods.com/wp-includes/template.php(770): require_once()
#1 /home2/revaarrf/suvedfoods.com/wp-includes/template.php(716): load_template('/home2/revaarrf...', true, Array)
#2 /home2/revaarrf/suvedfoods.com/wp-includes/general-template.php(48): locate_template(Array, true, true, Array)
#3 /home2/revaarrf/suvedfoods.com/wp-content/themes/Divi/404.php(1): get_header()
#4 /home2/revaarrf/suvedfoods.com/wp-includes/template-loader.php(106): include('/home2/revaarrf...')
#5 /home2/revaarrf/suvedfoods.com/wp-blog-header.php(19): require_once('/home2/revaarrf...')
#6 /home2/revaarrf/suvedfoods.com/index.php(17): require('/home2/revaarrf...')
#7 {main}
  thrown in /home2/revaarrf/suvedfoods.com/wp-content/themes/Divi/header.php on line 6

2023-02-03T19:17:09+00:00 CRITICAL Uncaught Error: Call to undefined function elegant_description() in /home2/revaarrf/suvedfoods.com/wp-content/themes/Divi/header.php:6
Stack trace:
#0 /home2/revaarrf/suvedfoods.com/wp-includes/template.php(770): require_once()
#1 /home2/revaarrf/suvedfoods.com/wp-includes/template.php(716): load_template('/home2/revaarrf...', true, Array)
#2 /home2/revaarrf/suvedfoods.com/wp-includes/general-template.php(48): locate_template(Array, true, true, Array)
#3 /home2/revaarrf/suvedfoods.com/wp-content/themes/Divi/404.php(1): get_header()
#4 /home2/revaarrf/suvedfoods.com/wp-includes/template-loader.php(106): include('/home2/revaarrf...')
#5 /home2/revaarrf/suvedfoods.com/wp-blog-header.php(19): require_once('/home2/revaarrf...')
#6 /home2/revaarrf/suvedfoods.com/index.php(17): require('/home2/revaarrf...')
#7 {main}
  thrown in /home2/revaarrf/suvedfoods.com/wp-content/themes/Divi/header.php on line 6

2023-02-03T19:27:14+00:00 CRITICAL Uncaught Error: Call to undefined function elegant_description() in /home2/revaarrf/suvedfoods.com/wp-content/themes/Divi/header.php:6
Stack trace:
#0 /home2/revaarrf/suvedfoods.com/wp-includes/template.php(770): require_once()
#1 /home2/revaarrf/suvedfoods.com/wp-includes/template.php(716): load_template('/home2/revaarrf...', true, Array)
#2 /home2/revaarrf/suvedfoods.com/wp-includes/general-template.php(48): locate_template(Array, true, true, Array)
#3 /home2/revaarrf/suvedfoods.com/wp-content/themes/Divi/404.php(1): get_header()
#4 /home2/revaarrf/suvedfoods.com/wp-includes/template-loader.php(106): include('/home2/revaarrf...')
#5 /home2/revaarrf/suvedfoods.com/wp-blog-header.php(19): require_once('/home2/revaarrf...')
#6 /home2/revaarrf/suvedfoods.com/index.php(17): require('/home2/revaarrf...')
#7 {main}
  thrown in /home2/revaarrf/suvedfoods.com/wp-content/themes/Divi/header.php on line 6

2023-02-03T20:15:07+00:00 CRITICAL Uncaught Error: Call to undefined function elegant_description() in /home2/revaarrf/suvedfoods.com/wp-content/themes/Divi/header.php:6
Stack trace:
#0 /home2/revaarrf/suvedfoods.com/wp-includes/template.php(770): require_once()
#1 /home2/revaarrf/suvedfoods.com/wp-includes/template.php(716): load_template('/home2/revaarrf...', true, Array)
#2 /home2/revaarrf/suvedfoods.com/wp-includes/general-template.php(48): locate_template(Array, true, true, Array)
#3 /home2/revaarrf/suvedfoods.com/wp-content/themes/Divi/page.php(3): get_header()
#4 /home2/revaarrf/suvedfoods.com/wp-includes/template-loader.php(106): include('/home2/revaarrf...')
#5 /home2/revaarrf/suvedfoods.com/wp-blog-header.php(19): require_once('/home2/revaarrf...')
#6 /home2/revaarrf/suvedfoods.com/index.php(17): require('/home2/revaarrf...')
#7 {main}
  thrown in /home2/revaarrf/suvedfoods.com/wp-content/themes/Divi/header.php on line 6

2023-02-03T20:21:43+00:00 CRITICAL Uncaught Error: Call to undefined function elegant_description() in /home2/revaarrf/suvedfoods.com/wp-content/themes/Divi/header.php:6
Stack trace:
#0 /home2/revaarrf/suvedfoods.com/wp-includes/template.php(770): require_once()
#1 /home2/revaarrf/suvedfoods.com/wp-includes/template.php(716): load_template('/home2/revaarrf...', true, Array)
#2 /home2/revaarrf/suvedfoods.com/wp-includes/general-template.php(48): locate_template(Array, true, true, Array)
#3 /home2/revaarrf/suvedfoods.com/wp-content/themes/Divi/404.php(1): get_header()
#4 /home2/revaarrf/suvedfoods.com/wp-includes/template-loader.php(106): include('/home2/revaarrf...')
#5 /home2/revaarrf/suvedfoods.com/wp-blog-header.php(19): require_once('/home2/revaarrf...')
#6 /home2/revaarrf/suvedfoods.com/index.php(17): require('/home2/revaarrf...')
#7 {main}
  thrown in /home2/revaarrf/suvedfoods.com/wp-content/themes/Divi/header.php on line 6

2023-02-03T20:24:42+00:00 CRITICAL Uncaught Error: Call to undefined function elegant_description() in /home2/revaarrf/suvedfoods.com/wp-content/themes/Divi/header.php:6
Stack trace:
#0 /home2/revaarrf/suvedfoods.com/wp-includes/template.php(770): require_once()
#1 /home2/revaarrf/suvedfoods.com/wp-includes/template.php(716): load_template('/home2/revaarrf...', true, Array)
#2 /home2/revaarrf/suvedfoods.com/wp-includes/general-template.php(48): locate_template(Array, true, true, Array)
#3 /home2/revaarrf/suvedfoods.com/wp-content/themes/Divi/single.php(3): get_header()
#4 /home2/revaarrf/suvedfoods.com/wp-includes/template-loader.php(106): include('/home2/revaarrf...')
#5 /home2/revaarrf/suvedfoods.com/wp-blog-header.php(19): require_once('/home2/revaarrf...')
#6 /home2/revaarrf/suvedfoods.com/index.php(17): require('/home2/revaarrf...')
#7 {main}
  thrown in /home2/revaarrf/suvedfoods.com/wp-content/themes/Divi/header.php on line 6

2023-02-03T20:28:26+00:00 CRITICAL Uncaught Error: Call to undefined function elegant_description() in /home2/revaarrf/suvedfoods.com/wp-content/themes/Divi/header.php:6
Stack trace:
#0 /home2/revaarrf/suvedfoods.com/wp-includes/template.php(770): require_once()
#1 /home2/revaarrf/suvedfoods.com/wp-includes/template.php(716): load_template('/home2/revaarrf...', true, Array)
#2 /home2/revaarrf/suvedfoods.com/wp-includes/general-template.php(48): locate_template(Array, true, true, Array)
#3 /home2/revaarrf/suvedfoods.com/wp-content/themes/Divi/404.php(1): get_header()
#4 /home2/revaarrf/suvedfoods.com/wp-includes/template-loader.php(106): include('/home2/revaarrf...')
#5 /home2/revaarrf/suvedfoods.com/wp-blog-header.php(19): require_once('/home2/revaarrf...')
#6 /home2/revaarrf/suvedfoods.com/index.php(17): require('/home2/revaarrf...')
#7 {main}
  thrown in /home2/revaarrf/suvedfoods.com/wp-content/themes/Divi/header.php on line 6

2023-02-03T20:36:12+00:00 CRITICAL Uncaught Error: Call to undefined function elegant_description() in /home2/revaarrf/suvedfoods.com/wp-content/themes/Divi/header.php:6
Stack trace:
#0 /home2/revaarrf/suvedfoods.com/wp-includes/template.php(770): require_once()
#1 /home2/revaarrf/suvedfoods.com/wp-includes/template.php(716): load_template('/home2/revaarrf...', true, Array)
#2 /home2/revaarrf/suvedfoods.com/wp-includes/general-template.php(48): locate_template(Array, true, true, Array)
#3 /home2/revaarrf/suvedfoods.com/wp-content/themes/Divi/404.php(1): get_header()
#4 /home2/revaarrf/suvedfoods.com/wp-includes/template-loader.php(106): include('/home2/revaarrf...')
#5 /home2/revaarrf/suvedfoods.com/wp-blog-header.php(19): require_once('/home2/revaarrf...')
#6 /home2/revaarrf/suvedfoods.com/index.php(17): require('/home2/revaarrf...')
#7 {main}
  thrown in /home2/revaarrf/suvedfoods.com/wp-content/themes/Divi/header.php on line 6

2023-02-03T21:12:45+00:00 CRITICAL Uncaught Error: Call to undefined function elegant_description() in /home2/revaarrf/suvedfoods.com/wp-content/themes/Divi/header.php:6
Stack trace:
#0 /home2/revaarrf/suvedfoods.com/wp-includes/template.php(770): require_once()
#1 /home2/revaarrf/suvedfoods.com/wp-includes/template.php(716): load_template('/home2/revaarrf...', true, Array)
#2 /home2/revaarrf/suvedfoods.com/wp-includes/general-template.php(48): locate_template(Array, true, true, Array)
#3 /home2/revaarrf/suvedfoods.com/wp-content/themes/Divi/404.php(1): get_header()
#4 /home2/revaarrf/suvedfoods.com/wp-includes/template-loader.php(106): include('/home2/revaarrf...')
#5 /home2/revaarrf/suvedfoods.com/wp-blog-header.php(19): require_once('/home2/revaarrf...')
#6 /home2/revaarrf/suvedfoods.com/index.php(17): require('/home2/revaarrf...')
#7 {main}
  thrown in /home2/revaarrf/suvedfoods.com/wp-content/themes/Divi/header.php on line 6

2023-02-03T21:15:33+00:00 CRITICAL Uncaught Error: Call to undefined function elegant_description() in /home2/revaarrf/suvedfoods.com/wp-content/themes/Divi/header.php:6
Stack trace:
#0 /home2/revaarrf/suvedfoods.com/wp-includes/template.php(770): require_once()
#1 /home2/revaarrf/suvedfoods.com/wp-includes/template.php(716): load_template('/home2/revaarrf...', true, Array)
#2 /home2/revaarrf/suvedfoods.com/wp-includes/general-template.php(48): locate_template(Array, true, true, Array)
#3 /home2/revaarrf/suvedfoods.com/wp-content/themes/Divi/page.php(3): get_header()
#4 /home2/revaarrf/suvedfoods.com/wp-includes/template-loader.php(106): include('/home2/revaarrf...')
#5 /home2/revaarrf/suvedfoods.com/wp-blog-header.php(19): require_once('/home2/revaarrf...')
#6 /home2/revaarrf/suvedfoods.com/index.php(17): require('/home2/revaarrf...')
#7 {main}
  thrown in /home2/revaarrf/suvedfoods.com/wp-content/themes/Divi/header.php on line 6

2023-02-03T21:29:40+00:00 CRITICAL Uncaught Error: Call to undefined function elegant_description() in /home2/revaarrf/suvedfoods.com/wp-content/themes/Divi/header.php:6
Stack trace:
#0 /home2/revaarrf/suvedfoods.com/wp-includes/template.php(770): require_once()
#1 /home2/revaarrf/suvedfoods.com/wp-includes/template.php(716): load_template('/home2/revaarrf...', true, Array)
#2 /home2/revaarrf/suvedfoods.com/wp-includes/general-template.php(48): locate_template(Array, true, true, Array)
#3 /home2/revaarrf/suvedfoods.com/wp-content/themes/Divi/404.php(1): get_header()
#4 /home2/revaarrf/suvedfoods.com/wp-includes/template-loader.php(106): include('/home2/revaarrf...')
#5 /home2/revaarrf/suvedfoods.com/wp-blog-header.php(19): require_once('/home2/revaarrf...')
#6 /home2/revaarrf/suvedfoods.com/index.php(17): require('/home2/revaarrf...')
#7 {main}
  thrown in /home2/revaarrf/suvedfoods.com/wp-content/themes/Divi/header.php on line 6

2023-02-03T21:30:33+00:00 CRITICAL Uncaught Error: Call to undefined function elegant_description() in /home2/revaarrf/suvedfoods.com/wp-content/themes/Divi/header.php:6
Stack trace:
#0 /home2/revaarrf/suvedfoods.com/wp-includes/template.php(770): require_once()
#1 /home2/revaarrf/suvedfoods.com/wp-includes/template.php(716): load_template('/home2/revaarrf...', true, Array)
#2 /home2/revaarrf/suvedfoods.com/wp-includes/general-template.php(48): locate_template(Array, true, true, Array)
#3 /home2/revaarrf/suvedfoods.com/wp-content/themes/Divi/404.php(1): get_header()
#4 /home2/revaarrf/suvedfoods.com/wp-includes/template-loader.php(106): include('/home2/revaarrf...')
#5 /home2/revaarrf/suvedfoods.com/wp-blog-header.php(19): require_once('/home2/revaarrf...')
#6 /home2/revaarrf/suvedfoods.com/index.php(17): require('/home2/revaarrf...')
#7 {main}
  thrown in /home2/revaarrf/suvedfoods.com/wp-content/themes/Divi/header.php on line 6

2023-02-03T21:36:58+00:00 CRITICAL Uncaught Error: Call to undefined function elegant_description() in /home2/revaarrf/suvedfoods.com/wp-content/themes/Divi/header.php:6
Stack trace:
#0 /home2/revaarrf/suvedfoods.com/wp-includes/template.php(770): require_once()
#1 /home2/revaarrf/suvedfoods.com/wp-includes/template.php(716): load_template('/home2/revaarrf...', true, Array)
#2 /home2/revaarrf/suvedfoods.com/wp-includes/general-template.php(48): locate_template(Array, true, true, Array)
#3 /home2/revaarrf/suvedfoods.com/wp-content/themes/Divi/404.php(1): get_header()
#4 /home2/revaarrf/suvedfoods.com/wp-includes/template-loader.php(106): include('/home2/revaarrf...')
#5 /home2/revaarrf/suvedfoods.com/wp-blog-header.php(19): require_once('/home2/revaarrf...')
#6 /home2/revaarrf/suvedfoods.com/index.php(17): require('/home2/revaarrf...')
#7 {main}
  thrown in /home2/revaarrf/suvedfoods.com/wp-content/themes/Divi/header.php on line 6

2023-02-03T21:41:50+00:00 CRITICAL Uncaught Error: Call to undefined function elegant_description() in /home2/revaarrf/suvedfoods.com/wp-content/themes/Divi/header.php:6
Stack trace:
#0 /home2/revaarrf/suvedfoods.com/wp-includes/template.php(770): require_once()
#1 /home2/revaarrf/suvedfoods.com/wp-includes/template.php(716): load_template('/home2/revaarrf...', true, Array)
#2 /home2/revaarrf/suvedfoods.com/wp-includes/general-template.php(48): locate_template(Array, true, true, Array)
#3 /home2/revaarrf/suvedfoods.com/wp-content/themes/Divi/404.php(1): get_header()
#4 /home2/revaarrf/suvedfoods.com/wp-includes/template-loader.php(106): include('/home2/revaarrf...')
#5 /home2/revaarrf/suvedfoods.com/wp-blog-header.php(19): require_once('/home2/revaarrf...')
#6 /home2/revaarrf/suvedfoods.com/index.php(17): require('/home2/revaarrf...')
#7 {main}
  thrown in /home2/revaarrf/suvedfoods.com/wp-content/themes/Divi/header.php on line 6

2023-02-03T21:53:19+00:00 CRITICAL Uncaught Error: Call to undefined function elegant_description() in /home2/revaarrf/suvedfoods.com/wp-content/themes/Divi/header.php:6
Stack trace:
#0 /home2/revaarrf/suvedfoods.com/wp-includes/template.php(770): require_once()
#1 /home2/revaarrf/suvedfoods.com/wp-includes/template.php(716): load_template('/home2/revaarrf...', true, Array)
#2 /home2/revaarrf/suvedfoods.com/wp-includes/general-template.php(48): locate_template(Array, true, true, Array)
#3 /home2/revaarrf/suvedfoods.com/wp-content/themes/Divi/404.php(1): get_header()
#4 /home2/revaarrf/suvedfoods.com/wp-includes/template-loader.php(106): include('/home2/revaarrf...')
#5 /home2/revaarrf/suvedfoods.com/wp-blog-header.php(19): require_once('/home2/revaarrf...')
#6 /home2/revaarrf/suvedfoods.com/index.php(17): require('/home2/revaarrf...')
#7 {main}
  thrown in /home2/revaarrf/suvedfoods.com/wp-content/themes/Divi/header.php on line 6

2023-02-03T21:57:56+00:00 CRITICAL Uncaught Error: Call to undefined function elegant_description() in /home2/revaarrf/suvedfoods.com/wp-content/themes/Divi/header.php:6
Stack trace:
#0 /home2/revaarrf/suvedfoods.com/wp-includes/template.php(770): require_once()
#1 /home2/revaarrf/suvedfoods.com/wp-includes/template.php(716): load_template('/home2/revaarrf...', true, Array)
#2 /home2/revaarrf/suvedfoods.com/wp-includes/general-template.php(48): locate_template(Array, true, true, Array)
#3 /home2/revaarrf/suvedfoods.com/wp-content/themes/Divi/404.php(1): get_header()
#4 /home2/revaarrf/suvedfoods.com/wp-includes/template-loader.php(106): include('/home2/revaarrf...')
#5 /home2/revaarrf/suvedfoods.com/wp-blog-header.php(19): require_once('/home2/revaarrf...')
#6 /home2/revaarrf/suvedfoods.com/index.php(17): require('/home2/revaarrf...')
#7 {main}
  thrown in /home2/revaarrf/suvedfoods.com/wp-content/themes/Divi/header.php on line 6

2023-02-03T22:27:09+00:00 CRITICAL Uncaught Error: Call to undefined function elegant_description() in /home2/revaarrf/suvedfoods.com/wp-content/themes/Divi/header.php:6
Stack trace:
#0 /home2/revaarrf/suvedfoods.com/wp-includes/template.php(770): require_once()
#1 /home2/revaarrf/suvedfoods.com/wp-includes/template.php(716): load_template('/home2/revaarrf...', true, Array)
#2 /home2/revaarrf/suvedfoods.com/wp-includes/general-template.php(48): locate_template(Array, true, true, Array)
#3 /home2/revaarrf/suvedfoods.com/wp-content/themes/Divi/404.php(1): get_header()
#4 /home2/revaarrf/suvedfoods.com/wp-includes/template-loader.php(106): include('/home2/revaarrf...')
#5 /home2/revaarrf/suvedfoods.com/wp-blog-header.php(19): require_once('/home2/revaarrf...')
#6 /home2/revaarrf/suvedfoods.com/index.php(17): require('/home2/revaarrf...')
#7 {main}
  thrown in /home2/revaarrf/suvedfoods.com/wp-content/themes/Divi/header.php on line 6

2023-02-03T22:28:29+00:00 CRITICAL Uncaught Error: Call to undefined function elegant_description() in /home2/revaarrf/suvedfoods.com/wp-content/themes/Divi/header.php:6
Stack trace:
#0 /home2/revaarrf/suvedfoods.com/wp-includes/template.php(770): require_once()
#1 /home2/revaarrf/suvedfoods.com/wp-includes/template.php(716): load_template('/home2/revaarrf...', true, Array)
#2 /home2/revaarrf/suvedfoods.com/wp-includes/general-template.php(48): locate_template(Array, true, true, Array)
#3 /home2/revaarrf/suvedfoods.com/wp-content/themes/Divi/404.php(1): get_header()
#4 /home2/revaarrf/suvedfoods.com/wp-includes/template-loader.php(106): include('/home2/revaarrf...')
#5 /home2/revaarrf/suvedfoods.com/wp-blog-header.php(19): require_once('/home2/revaarrf...')
#6 /home2/revaarrf/suvedfoods.com/index.php(17): require('/home2/revaarrf...')
#7 {main}
  thrown in /home2/revaarrf/suvedfoods.com/wp-content/themes/Divi/header.php on line 6

2023-02-03T22:30:04+00:00 CRITICAL Uncaught Error: Call to undefined function elegant_description() in /home2/revaarrf/suvedfoods.com/wp-content/themes/Divi/header.php:6
Stack trace:
#0 /home2/revaarrf/suvedfoods.com/wp-includes/template.php(770): require_once()
#1 /home2/revaarrf/suvedfoods.com/wp-includes/template.php(716): load_template('/home2/revaarrf...', true, Array)
#2 /home2/revaarrf/suvedfoods.com/wp-includes/general-template.php(48): locate_template(Array, true, true, Array)
#3 /home2/revaarrf/suvedfoods.com/wp-content/themes/Divi/404.php(1): get_header()
#4 /home2/revaarrf/suvedfoods.com/wp-includes/template-loader.php(106): include('/home2/revaarrf...')
#5 /home2/revaarrf/suvedfoods.com/wp-blog-header.php(19): require_once('/home2/revaarrf...')
#6 /home2/revaarrf/suvedfoods.com/index.php(17): require('/home2/revaarrf...')
#7 {main}
  thrown in /home2/revaarrf/suvedfoods.com/wp-content/themes/Divi/header.php on line 6

2023-02-03T22:56:53+00:00 CRITICAL Uncaught Error: Call to undefined function elegant_description() in /home2/revaarrf/suvedfoods.com/wp-content/themes/Divi/header.php:6
Stack trace:
#0 /home2/revaarrf/suvedfoods.com/wp-includes/template.php(770): require_once()
#1 /home2/revaarrf/suvedfoods.com/wp-includes/template.php(716): load_template('/home2/revaarrf...', true, Array)
#2 /home2/revaarrf/suvedfoods.com/wp-includes/general-template.php(48): locate_template(Array, true, true, Array)
#3 /home2/revaarrf/suvedfoods.com/wp-content/themes/Divi/404.php(1): get_header()
#4 /home2/revaarrf/suvedfoods.com/wp-includes/template-loader.php(106): include('/home2/revaarrf...')
#5 /home2/revaarrf/suvedfoods.com/wp-blog-header.php(19): require_once('/home2/revaarrf...')
#6 /home2/revaarrf/suvedfoods.com/index.php(17): require('/home2/revaarrf...')
#7 {main}
  thrown in /home2/revaarrf/suvedfoods.com/wp-content/themes/Divi/header.php on line 6

2023-02-03T23:18:14+00:00 CRITICAL Uncaught Error: Call to undefined function elegant_description() in /home2/revaarrf/suvedfoods.com/wp-content/themes/Divi/header.php:6
Stack trace:
#0 /home2/revaarrf/suvedfoods.com/wp-includes/template.php(770): require_once()
#1 /home2/revaarrf/suvedfoods.com/wp-includes/template.php(716): load_template('/home2/revaarrf...', true, Array)
#2 /home2/revaarrf/suvedfoods.com/wp-includes/general-template.php(48): locate_template(Array, true, true, Array)
#3 /home2/revaarrf/suvedfoods.com/wp-content/themes/Divi/404.php(1): get_header()
#4 /home2/revaarrf/suvedfoods.com/wp-includes/template-loader.php(106): include('/home2/revaarrf...')
#5 /home2/revaarrf/suvedfoods.com/wp-blog-header.php(19): require_once('/home2/revaarrf...')
#6 /home2/revaarrf/suvedfoods.com/index.php(17): require('/home2/revaarrf...')
#7 {main}
  thrown in /home2/revaarrf/suvedfoods.com/wp-content/themes/Divi/header.php on line 6

2023-02-03T23:55:21+00:00 CRITICAL Uncaught Error: Call to undefined function elegant_description() in /home2/revaarrf/suvedfoods.com/wp-content/themes/Divi/header.php:6
Stack trace:
#0 /home2/revaarrf/suvedfoods.com/wp-includes/template.php(770): require_once()
#1 /home2/revaarrf/suvedfoods.com/wp-includes/template.php(716): load_template('/home2/revaarrf...', true, Array)
#2 /home2/revaarrf/suvedfoods.com/wp-includes/general-template.php(48): locate_template(Array, true, true, Array)
#3 /home2/revaarrf/suvedfoods.com/wp-content/themes/Divi/404.php(1): get_header()
#4 /home2/revaarrf/suvedfoods.com/wp-includes/template-loader.php(106): include('/home2/revaarrf...')
#5 /home2/revaarrf/suvedfoods.com/wp-blog-header.php(19): require_once('/home2/revaarrf...')
#6 /home2/revaarrf/suvedfoods.com/index.php(17): require('/home2/revaarrf...')
#7 {main}
  thrown in /home2/revaarrf/suvedfoods.com/wp-content/themes/Divi/header.php on line 6

2023-02-03T23:56:37+00:00 CRITICAL Uncaught Error: Call to undefined function elegant_description() in /home2/revaarrf/suvedfoods.com/wp-content/themes/Divi/header.php:6
Stack trace:
#0 /home2/revaarrf/suvedfoods.com/wp-includes/template.php(770): require_once()
#1 /home2/revaarrf/suvedfoods.com/wp-includes/template.php(716): load_template('/home2/revaarrf...', true, Array)
#2 /home2/revaarrf/suvedfoods.com/wp-includes/general-template.php(48): locate_template(Array, true, true, Array)
#3 /home2/revaarrf/suvedfoods.com/wp-content/themes/Divi/404.php(1): get_header()
#4 /home2/revaarrf/suvedfoods.com/wp-includes/template-loader.php(106): include('/home2/revaarrf...')
#5 /home2/revaarrf/suvedfoods.com/wp-blog-header.php(19): require_once('/home2/revaarrf...')
#6 /home2/revaarrf/suvedfoods.com/index.php(17): require('/home2/revaarrf...')
#7 {main}
  thrown in /home2/revaarrf/suvedfoods.com/wp-content/themes/Divi/header.php on line 6

